Unity Editor version:    2021.3.14f1 (eee1884e7226)
Branch:                  2021.3/staging
Build type:              Release
Batch mode:              YES
System name:             Linux
Distro version:          #27-Ubuntu SMP PREEMPT_DYNAMIC Wed Nov 23 20:44:15 UTC 2022
Kernel version:          5.19.0-26-generic
Architecture:            x86_64
Available memory:        7793 MB
Using pre-set license
Pro License: YES

(Unity:25009): Gdk-CRITICAL **: 14:07:14.861: gdk_window_get_cursor: assertion 'GDK_IS_WINDOW (window)' failed
Desktop is 1366 x 768 @ 60 Hz
Initialize udev device monitor.

COMMAND LINE ARGUMENTS:
Unity
-adb2
-batchMode
-noUpm
-name
AssetImportWorker0
-projectPath
/home/ngocphat/Documents/Games/Endless
-logFile
Logs/AssetImportWorker0.log
-srvPort
40333
Successfully changed project path to: /home/ngocphat/Documents/Games/Endless
/home/ngocphat/Documents/Games/Endless
[UnityMemory] Configuration Parameters - Can be set up in boot.config
    "memorysetup-bucket-allocator-granularity=16"
    "memorysetup-bucket-allocator-bucket-count=8"
    "memorysetup-bucket-allocator-block-size=33554432"
    "memorysetup-bucket-allocator-block-count=8"
    "memorysetup-main-allocator-block-size=16777216"
    "memorysetup-thread-allocator-block-size=16777216"
    "memorysetup-gfx-main-allocator-block-size=16777216"
    "memorysetup-gfx-thread-allocator-block-size=16777216"
    "memorysetup-cache-allocator-block-size=4194304"
    "memorysetup-typetree-allocator-block-size=2097152"
    "memorysetup-profiler-bucket-allocator-granularity=16"
    "memorysetup-profiler-bucket-allocator-bucket-count=8"
    "memorysetup-profiler-bucket-allocator-block-size=33554432"
    "memorysetup-profiler-bucket-allocator-block-count=8"
    "memorysetup-profiler-allocator-block-size=16777216"
    "memorysetup-profiler-editor-allocator-block-size=1048576"
    "memorysetup-temp-allocator-size-main=16777216"
    "memorysetup-job-temp-allocator-block-size=2097152"
    "memorysetup-job-temp-allocator-block-size-background=1048576"
    "memorysetup-job-temp-allocator-reduction-small-platforms=262144"
    "memorysetup-temp-allocator-size-background-worker=32768"
    "memorysetup-temp-allocator-size-job-worker=262144"
    "memorysetup-temp-allocator-size-preload-manager=33554432"
    "memorysetup-temp-allocator-size-nav-mesh-worker=65536"
    "memorysetup-temp-allocator-size-audio-worker=65536"
    "memorysetup-temp-allocator-size-cloud-worker=32768"
    "memorysetup-temp-allocator-size-gi-baking-worker=262144"
    "memorysetup-temp-allocator-size-gfx=262144"
Refreshing native plugins compatible for Editor in 773.28 ms, found 1 plugins.
Preloading 0 native plugins for Editor in 0.00 ms.
Initialize engine version: 2021.3.14f1 (eee1884e7226)
[Subsystems] Discovering subsystems at path /home/ngocphat/Unity/Hub/Editor/2021.3.14f1/Editor/Data/Resources/UnitySubsystems
[Subsystems] Discovering subsystems at path /home/ngocphat/Documents/Games/Endless/Assets
GLX Extensions: GLX_ARB_context_flush_control GLX_ARB_create_context GLX_ARB_create_context_no_error GLX_ARB_create_context_profile GLX_ARB_create_context_robustness GLX_ARB_fbconfig_float GLX_ARB_framebuffer_sRGB GLX_ARB_get_proc_address GLX_ARB_multisample GLX_EXT_buffer_age GLX_EXT_create_context_es2_profile GLX_EXT_create_context_es_profile GLX_EXT_fbconfig_packed_float GLX_EXT_framebuffer_sRGB GLX_EXT_no_config_context GLX_EXT_swap_control GLX_EXT_swap_control_tear GLX_EXT_texture_from_pixmap GLX_EXT_visual_info GLX_EXT_visual_rating GLX_MESA_copy_sub_buffer GLX_MESA_query_renderer GLX_MESA_swap_control GLX_OML_swap_method GLX_OML_sync_control GLX_SGIS_multisample GLX_SGIX_fbconfig GLX_SGIX_pbuffer GLX_SGIX_visual_select_group GLX_SGI_make_current_read GLX_SGI_video_sync 
Renderer: Mesa Intel(R) HD Graphics 405 (BSW)
Vendor:   Intel
Version:  4.6 (Core Profile) Mesa 22.2.1
GLES:     0
 GL_3DFX_texture_compression_FXT1 GL_AMD_conservative_depth GL_AMD_draw_buffers_blend GL_AMD_gpu_shader_int64 GL_AMD_multi_draw_indirect GL_AMD_query_buffer_object GL_AMD_seamless_cubemap_per_texture GL_AMD_shader_trinary_minmax GL_AMD_texture_texture4 GL_AMD_vertex_shader_layer GL_AMD_vertex_shader_viewport_index GL_ANGLE_texture_compression_dxt3 GL_ANGLE_texture_compression_dxt5 GL_ARB_ES2_compatibility GL_ARB_ES3_1_compatibility GL_ARB_ES3_2_compatibility GL_ARB_ES3_compatibility GL_ARB_arrays_of_arrays GL_ARB_base_instance GL_ARB_blend_func_extended GL_ARB_buffer_storage GL_ARB_clear_buffer_object GL_ARB_clear_texture GL_ARB_clip_control GL_ARB_compressed_texture_pixel_storage GL_ARB_compute_shader GL_ARB_compute_variable_group_size GL_ARB_conditional_render_inverted GL_ARB_conservative_depth GL_ARB_copy_buffer GL_ARB_copy_image GL_ARB_cull_distance GL_ARB_debug_output GL_ARB_depth_buffer_float GL_ARB_depth_clamp GL_ARB_derivative_control GL_ARB_direct_state_access GL_ARB_draw_buffers GL_ARB_draw_buffers
_blend GL_ARB_draw_elements_base_vertex GL_ARB_draw_indirect GL_ARB_draw_instanced GL_ARB_enhanced_layouts GL_ARB_explicit_attrib_location GL_ARB_explicit_uniform_location GL_ARB_fragment_coord_conventions GL_ARB_fragment_layer_viewport GL_ARB_fragment_shader GL_ARB_framebuffer_no_attachments GL_ARB_framebuffer_object GL_ARB_framebuffer_sRGB GL_ARB_get_program_binary GL_ARB_get_texture_sub_image GL_ARB_gl_spirv GL_ARB_gpu_shader5 GL_ARB_gpu_shader_fp64 GL_ARB_gpu_shader_int64 GL_ARB_half_float_pixel GL_ARB_half_float_vertex GL_ARB_indirect_parameters GL_ARB_instanced_arrays GL_ARB_internalformat_query GL_ARB_internalformat_query2 GL_ARB_invalidate_subdata GL_ARB_map_buffer_alignment GL_ARB_map_buffer_range GL_ARB_multi_bind GL_ARB_multi_draw_indirect GL_ARB_occlusion_query2 GL_ARB_parallel_shader_compile GL_ARB_pipeline_statistics_query GL_ARB_pixel_buffer_object GL_ARB_point_sprite GL_ARB_polygon_offset_clamp GL_ARB_program_interface_query GL_ARB_provoking_vertex GL_ARB_query_buffer_object GL_ARB_robust_buf
fer_access_behavior GL_ARB_robustness GL_ARB_sample_shading GL_ARB_sampler_objects GL_ARB_seamless_cube_map GL_ARB_seamless_cubemap_per_texture GL_ARB_separate_shader_objects GL_ARB_shader_atomic_counter_ops GL_ARB_shader_atomic_counters GL_ARB_shader_ballot GL_ARB_shader_bit_encoding GL_ARB_shader_clock GL_ARB_shader_draw_parameters GL_ARB_shader_group_vote GL_ARB_shader_image_load_store GL_ARB_shader_image_size GL_ARB_shader_objects GL_ARB_shader_precision GL_ARB_shader_storage_buffer_object GL_ARB_shader_subroutine GL_ARB_shader_texture_image_samples GL_ARB_shader_texture_lod GL_ARB_shader_viewport_layer_array GL_ARB_shading_language_420pack GL_ARB_shading_language_include GL_ARB_shading_language_packing GL_ARB_spirv_extensions GL_ARB_stencil_texturing GL_ARB_sync GL_ARB_tessellation_shader GL_ARB_texture_barrier GL_ARB_texture_buffer_object GL_ARB_texture_buffer_object_rgb32 GL_ARB_texture_buffer_range GL_ARB_texture_compression_bptc GL_ARB_texture_compression_rgtc GL_ARB_texture_cube_map_array GL_ARB_te
xture_filter_anisotropic GL_ARB_texture_float GL_ARB_texture_gather GL_ARB_texture_mirror_clamp_to_edge GL_ARB_texture_multisample GL_ARB_texture_non_power_of_two GL_ARB_texture_query_levels GL_ARB_texture_query_lod GL_ARB_texture_rectangle GL_ARB_texture_rg GL_ARB_texture_rgb10_a2ui GL_ARB_texture_stencil8 GL_ARB_texture_storage GL_ARB_texture_storage_multisample GL_ARB_texture_swizzle GL_ARB_texture_view GL_ARB_timer_query GL_ARB_transform_feedback2 GL_ARB_transform_feedback3 GL_ARB_transform_feedback_instanced GL_ARB_transform_feedback_overflow_query GL_ARB_uniform_buffer_object GL_ARB_vertex_array_bgra GL_ARB_vertex_array_object GL_ARB_vertex_attrib_64bit GL_ARB_vertex_attrib_binding GL_ARB_vertex_buffer_object GL_ARB_vertex_shader GL_ARB_vertex_type_10f_11f_11f_rev GL_ARB_vertex_type_2_10_10_10_rev GL_ARB_viewport_array GL_ATI_blend_equation_separate GL_ATI_texture_float GL_EXT_EGL_image_storage GL_EXT_EGL_sync GL_EXT_abgr GL_EXT_blend_equation_separate GL_EXT_demote_to_helper_invocation GL_EXT_draw_buf
fers2 GL_EXT_draw_instanced GL_EXT_framebuffer_blit GL_EXT_framebuffer_multisample GL_EXT_framebuffer_multisample_blit_scaled GL_EXT_framebuffer_object GL_EXT_framebuffer_sRGB GL_EXT_memory_object GL_EXT_memory_object_fd GL_EXT_packed_depth_stencil GL_EXT_packed_float GL_EXT_pixel_buffer_object GL_EXT_polygon_offset_clamp GL_EXT_provoking_vertex GL_EXT_semaphore GL_EXT_semaphore_fd GL_EXT_shader_framebuffer_fetch_non_coherent GL_EXT_shader_integer_mix GL_EXT_shader_samples_identical GL_EXT_texture_array GL_EXT_texture_compression_dxt1 GL_EXT_texture_compression_rgtc GL_EXT_texture_compression_s3tc GL_EXT_texture_filter_anisotropic GL_EXT_texture_integer GL_EXT_texture_sRGB GL_EXT_texture_sRGB_R8 GL_EXT_texture_sRGB_decode GL_EXT_texture_shadow_lod GL_EXT_texture_shared_exponent GL_EXT_texture_snorm GL_EXT_texture_swizzle GL_EXT_timer_query GL_EXT_transform_feedback GL_EXT_vertex_array_bgra GL_EXT_vertex_attrib_64bit GL_IBM_multimode_draw_arrays GL_INTEL_blackhole_render GL_KHR_blend_equation_advanced GL_KHR_
context_flush_control GL_KHR_debug GL_KHR_no_error GL_KHR_parallel_shader_compile GL_KHR_robust_buffer_access_behavior GL_KHR_robustness GL_KHR_texture_compression_astc_ldr GL_KHR_texture_compression_astc_sliced_3d GL_MESA_framebuffer_flip_y GL_MESA_pack_invert GL_MESA_shader_integer_functions GL_MESA_texture_signed_rgba GL_NV_compute_shader_derivatives GL_NV_conditional_render GL_NV_copy_image GL_NV_depth_clamp GL_NV_packed_depth_stencil GL_NV_texture_barrier GL_OES_EGL_image GL_S3_s3tc
OPENGL LOG: Creating OpenGL 4.6 graphics device ; Context level  <OpenGL 4.5> ; Context handle -1663377920
Initialize mono
Mono path[0] = '/home/ngocphat/Unity/Hub/Editor/2021.3.14f1/Editor/Data/Managed'
Mono path[1] = '/home/ngocphat/Unity/Hub/Editor/2021.3.14f1/Editor/Data/MonoBleedingEdge/lib/mono/unityjit-linux'
Mono config path = '/home/ngocphat/Unity/Hub/Editor/2021.3.14f1/Editor/Data/MonoBleedingEdge/etc'
Using monoOptions --debugger-agent=transport=dt_socket,embedding=1,server=y,suspend=n,address=127.0.0.1:56009
Begin MonoManager ReloadAssembly
Registering precompiled unity dll's ...
Register platform support module: /home/ngocphat/Unity/Hub/Editor/2021.3.14f1/Editor/Data/PlaybackEngines/WebGLSupport/UnityEditor.WebGL.Extensions.dll
Register platform support module: /home/ngocphat/Unity/Hub/Editor/2021.3.14f1/Editor/Data/PlaybackEngines/iOSSupport/UnityEditor.iOS.Extensions.dll
Register platform support module: /home/ngocphat/Unity/Hub/Editor/2021.3.14f1/Editor/Data/PlaybackEngines/LinuxStandaloneSupport/UnityEditor.LinuxStandalone.Extensions.dll
Registered in 0.048354 seconds.
Native extension for LinuxStandalone target not found
[usbmuxd] Start listen thread
[usbmuxd] Listen thread started
Native extension for iOS target not found
Native extension for WebGL target not found
Refreshing native plugins compatible for Editor in 736.31 ms, found 1 plugins.
Preloading 0 native plugins for Editor in 0.00 ms.
Mono: successfully reloaded assembly
- Completed reload, in  3.925 seconds
Domain Reload Profiling:
	ReloadAssembly (3928ms)
		BeginReloadAssembly (373ms)
			ExecutionOrderSort (0ms)
			DisableScriptedObjects (0ms)
			BackupInstance (0ms)
			ReleaseScriptingObjects (0ms)
			CreateAndSetChildDomain (6ms)
		EndReloadAssembly (2889ms)
			LoadAssemblies (358ms)
			RebuildTransferFunctionScriptingTraits (0ms)
			SetupTypeCache (559ms)
			ReleaseScriptCaches (0ms)
			RebuildScriptCaches (181ms)
			SetupLoadedEditorAssemblies (1885ms)
				LogAssemblyErrors (0ms)
				InitializePlatformSupportModulesInManaged (130ms)
				SetLoadedEditorAssemblies (1ms)
				RefreshPlugins (736ms)
				BeforeProcessingInitializeOnLoad (5ms)
				ProcessInitializeOnLoadAttributes (692ms)
				ProcessInitializeOnLoadMethodAttributes (321ms)
				AfterProcessingInitializeOnLoad (0ms)
				EditorAssembliesLoaded (0ms)
			ExecutionOrderSort2 (0ms)
			AwakeInstancesAfterBackupRestoration (0ms)
Platform modules already initialized, skipping
Registering precompiled user dll's ...
Registered in 0.036656 seconds.
Begin MonoManager ReloadAssembly
Symbol file LoadedFromMemory doesn't match image /home/ngocphat/Documents/Games/Endless/Library/PackageCache/com.unity.visualscripting@1.7.8/Editor/VisualScripting.Core/Dependencies/YamlDotNet/Unity.VisualScripting.YamlDotNet.dll
Symbol file LoadedFromMemory doesn't match image /home/ngocphat/Documents/Games/Endless/Library/PackageCache/com.unity.visualscripting@1.7.8/Editor/VisualScripting.Core/Dependencies/DotNetZip/Unity.VisualScripting.IonicZip.dll
Native extension for LinuxStandalone target not found
Native extension for iOS target not found
Native extension for WebGL target not found
Refreshing native plugins compatible for Editor in 701.35 ms, found 1 plugins.
Preloading 0 native plugins for Editor in 0.00 ms.
Mono: successfully reloaded assembly
- Completed reload, in  6.346 seconds
Domain Reload Profiling:
	ReloadAssembly (6350ms)
		BeginReloadAssembly (483ms)
			ExecutionOrderSort (0ms)
			DisableScriptedObjects (25ms)
			BackupInstance (0ms)
			ReleaseScriptingObjects (1ms)
			CreateAndSetChildDomain (89ms)
		EndReloadAssembly (5300ms)
			LoadAssemblies (403ms)
			RebuildTransferFunctionScriptingTraits (0ms)
			SetupTypeCache (1509ms)
			ReleaseScriptCaches (2ms)
			RebuildScriptCaches (303ms)
			SetupLoadedEditorAssemblies (2868ms)
				LogAssemblyErrors (0ms)
				InitializePlatformSupportModulesInManaged (99ms)
				SetLoadedEditorAssemblies (1ms)
				RefreshPlugins (701ms)
				BeforeProcessingInitializeOnLoad (642ms)
				ProcessInitializeOnLoadAttributes (1160ms)
				ProcessInitializeOnLoadMethodAttributes (225ms)
				AfterProcessingInitializeOnLoad (39ms)
				EditorAssembliesLoaded (1ms)
			ExecutionOrderSort2 (0ms)
			AwakeInstancesAfterBackupRestoration (20ms)
Platform modules already initialized, skipping
========================================================================
Worker process is ready to serve import requests
Launched and connected shader compiler UnityShaderCompiler after 0.06 seconds
Refreshing native plugins compatible for Editor in 3.48 ms, found 1 plugins.
Preloading 0 native plugins for Editor in 0.00 ms.
Unloading 4196 Unused Serialized files (Serialized files now loaded: 0)
Unloading 41 unused Assets / (74.9 KB). Loaded Objects now: 4653.
Memory consumption went from 154.2 MB to 154.2 MB.
Total: 25.140937 ms (FindLiveObjects: 1.803312 ms CreateObjectMapping: 2.286950 ms MarkObjects: 20.200025 ms  DeleteObjects: 0.843537 ms)

AssetImportParameters requested are different than current active one (requested -> active):
  custom:video-decoder-ogg-theora: a1e56fd34408186e4bbccfd4996cb3dc -> 
  custom:container-muxer-webm: aa71ff27fc2769a1b78a27578f13a17b -> 
  custom:container-demuxer-webm: 4f35f7cbe854078d1ac9338744f61a02 -> 
  custom:video-encoder-webm-vp8: eb34c28f22e8b96e1ab97ce403110664 -> 
  custom:audio-encoder-webm-vorbis: bf7c407c2cedff20999df2af8eb42d56 -> 
  custom:container-demuxer-ogg: 62fdf1f143b41e24485cea50d1cbac27 -> 
  custom:video-decoder-webm-vp8: 9c59270c3fd7afecdb556c50c9e8de78 -> 
  custom:audio-decoder-ogg-vorbis: bf7c407c2cedff20999df2af8eb42d56 -> 
========================================================================
Received Import Request.
  Time since last request: 21394.848497 seconds.
  path: Assets/Resources/New Material.mat
  artifactKey: Guid(b2f326b883a727745a61d340efe9d8d7) Importer(815301076,1909f56bfc062723c751e8b465ee728b)
Start importing Assets/Resources/New Material.mat using Guid(b2f326b883a727745a61d340efe9d8d7) Importer(815301076,1909f56bfc062723c751e8b465ee728b)  -> (artifact id: '973ad076303697e9d51ae74888c2690b') in 1.331963 seconds 
========================================================================
Received Import Request.
  Time since last request: 53.228659 seconds.
  path: Assets/Resources/Blur.mat
  artifactKey: Guid(b2f326b883a727745a61d340efe9d8d7) Importer(815301076,1909f56bfc062723c751e8b465ee728b)
Start importing Assets/Resources/Blur.mat using Guid(b2f326b883a727745a61d340efe9d8d7) Importer(815301076,1909f56bfc062723c751e8b465ee728b)  -> (artifact id: 'b7f3ed0df8100ed96cec3552dd853f4e') in 0.039851 seconds 
========================================================================
Received Import Request.
  Time since last request: 36.029582 seconds.
  path: Assets/Resources/Popups/UI-Start.prefab
  artifactKey: Guid(3f84c526dd96f8d72870281ffda076a3) Importer(815301076,1909f56bfc062723c751e8b465ee728b)
Start importing Assets/Resources/Popups/UI-Start.prefab using Guid(3f84c526dd96f8d72870281ffda076a3) Importer(815301076,1909f56bfc062723c751e8b465ee728b)  -> (artifact id: '8004b188ebde1e894f7cffe302a483d1') in 0.217855 seconds 
========================================================================
Received Import Request.
  Time since last request: 49.836031 seconds.
  path: Assets/Resources/Popups/InputHighscore.prefab
  artifactKey: Guid(91589c7f743cf67c59ee7bf3c2ab6fe1) Importer(815301076,1909f56bfc062723c751e8b465ee728b)
Start importing Assets/Resources/Popups/InputHighscore.prefab using Guid(91589c7f743cf67c59ee7bf3c2ab6fe1) Importer(815301076,1909f56bfc062723c751e8b465ee728b)  -> (artifact id: '03c6d12d1679c2790f9e7ad89e9dac68') in 0.088167 seconds 
========================================================================
Received Import Request.
  Time since last request: 23.921341 seconds.
  path: Assets/Resources/Popups/InputHighscore.prefab
  artifactKey: Guid(91589c7f743cf67c59ee7bf3c2ab6fe1) Importer(815301076,1909f56bfc062723c751e8b465ee728b)
Start importing Assets/Resources/Popups/InputHighscore.prefab using Guid(91589c7f743cf67c59ee7bf3c2ab6fe1) Importer(815301076,1909f56bfc062723c751e8b465ee728b)  -> (artifact id: 'ad0ca38614f53787c4c68e383b9f4d85') in 0.082235 seconds 
========================================================================
Received Import Request.
  Time since last request: 7.024291 seconds.
  path: Assets/Resources/Popups/InputHighscore.prefab
  artifactKey: Guid(91589c7f743cf67c59ee7bf3c2ab6fe1) Importer(815301076,1909f56bfc062723c751e8b465ee728b)
Start importing Assets/Resources/Popups/InputHighscore.prefab using Guid(91589c7f743cf67c59ee7bf3c2ab6fe1) Importer(815301076,1909f56bfc062723c751e8b465ee728b)  -> (artifact id: '91ed255b1aa8f8621df77dafdcc4e4e0') in 0.085917 seconds 
========================================================================
Received Import Request.
  Time since last request: 1.435832 seconds.
  path: Assets/Resources/Popups/InputHighscore.prefab
  artifactKey: Guid(91589c7f743cf67c59ee7bf3c2ab6fe1) Importer(815301076,1909f56bfc062723c751e8b465ee728b)
Start importing Assets/Resources/Popups/InputHighscore.prefab using Guid(91589c7f743cf67c59ee7bf3c2ab6fe1) Importer(815301076,1909f56bfc062723c751e8b465ee728b)  -> (artifact id: '1f8dd93819071cbc10a3e0266c2212fe') in 0.082388 seconds 
========================================================================
Received Import Request.
  Time since last request: 11.581923 seconds.
  path: Assets/Resources/Popups/InputHighscore.prefab
  artifactKey: Guid(91589c7f743cf67c59ee7bf3c2ab6fe1) Importer(815301076,1909f56bfc062723c751e8b465ee728b)
Start importing Assets/Resources/Popups/InputHighscore.prefab using Guid(91589c7f743cf67c59ee7bf3c2ab6fe1) Importer(815301076,1909f56bfc062723c751e8b465ee728b)  -> (artifact id: '424d0f5236da158780100885762fa47c') in 0.085915 seconds 
========================================================================
Received Import Request.
  Time since last request: 6.604126 seconds.
  path: Assets/Resources/Popups/InputHighscore.prefab
  artifactKey: Guid(91589c7f743cf67c59ee7bf3c2ab6fe1) Importer(815301076,1909f56bfc062723c751e8b465ee728b)
Start importing Assets/Resources/Popups/InputHighscore.prefab using Guid(91589c7f743cf67c59ee7bf3c2ab6fe1) Importer(815301076,1909f56bfc062723c751e8b465ee728b)  -> (artifact id: '12a8b12bc0e8b53ca23cfaa78b684283') in 0.068823 seconds 
========================================================================
Received Import Request.
  Time since last request: 1.754741 seconds.
  path: Assets/Resources/Popups/InputHighscore.prefab
  artifactKey: Guid(91589c7f743cf67c59ee7bf3c2ab6fe1) Importer(815301076,1909f56bfc062723c751e8b465ee728b)
Start importing Assets/Resources/Popups/InputHighscore.prefab using Guid(91589c7f743cf67c59ee7bf3c2ab6fe1) Importer(815301076,1909f56bfc062723c751e8b465ee728b)  -> (artifact id: '792fa62fec03f01b3400d7f4aea2b700') in 0.069130 seconds 
========================================================================
Received Import Request.
  Time since last request: 13.276868 seconds.
  path: Assets/Resources/Popups/InputHighscore.prefab
  artifactKey: Guid(91589c7f743cf67c59ee7bf3c2ab6fe1) Importer(815301076,1909f56bfc062723c751e8b465ee728b)
Start importing Assets/Resources/Popups/InputHighscore.prefab using Guid(91589c7f743cf67c59ee7bf3c2ab6fe1) Importer(815301076,1909f56bfc062723c751e8b465ee728b)  -> (artifact id: 'fd937ec8461db44d171fb293c2ae573c') in 0.075730 seconds 
========================================================================
Received Import Request.
  Time since last request: 18.124654 seconds.
  path: Assets/Resources/Popups/InputHighscore.prefab
  artifactKey: Guid(91589c7f743cf67c59ee7bf3c2ab6fe1) Importer(815301076,1909f56bfc062723c751e8b465ee728b)
Start importing Assets/Resources/Popups/InputHighscore.prefab using Guid(91589c7f743cf67c59ee7bf3c2ab6fe1) Importer(815301076,1909f56bfc062723c751e8b465ee728b)  -> (artifact id: '83163ebad3a581d32f520c9cb401fa85') in 0.076025 seconds 
========================================================================
Received Import Request.
  Time since last request: 5.340221 seconds.
  path: Assets/Resources/Popups/InputHighscore.prefab
  artifactKey: Guid(91589c7f743cf67c59ee7bf3c2ab6fe1) Importer(815301076,1909f56bfc062723c751e8b465ee728b)
Start importing Assets/Resources/Popups/InputHighscore.prefab using Guid(91589c7f743cf67c59ee7bf3c2ab6fe1) Importer(815301076,1909f56bfc062723c751e8b465ee728b)  -> (artifact id: '876119e9099a2d68eba92514178ee735') in 0.075371 seconds 
========================================================================
Received Import Request.
  Time since last request: 5.134241 seconds.
  path: Assets/Resources/Popups/InputHighscore.prefab
  artifactKey: Guid(91589c7f743cf67c59ee7bf3c2ab6fe1) Importer(815301076,1909f56bfc062723c751e8b465ee728b)
Start importing Assets/Resources/Popups/InputHighscore.prefab using Guid(91589c7f743cf67c59ee7bf3c2ab6fe1) Importer(815301076,1909f56bfc062723c751e8b465ee728b)  -> (artifact id: '3eb0e21e512af842a320e075e35df152') in 0.075889 seconds 
========================================================================
Received Import Request.
  Time since last request: 7.264236 seconds.
  path: Assets/Resources/Popups/InputHighscore.prefab
  artifactKey: Guid(91589c7f743cf67c59ee7bf3c2ab6fe1) Importer(815301076,1909f56bfc062723c751e8b465ee728b)
Start importing Assets/Resources/Popups/InputHighscore.prefab using Guid(91589c7f743cf67c59ee7bf3c2ab6fe1) Importer(815301076,1909f56bfc062723c751e8b465ee728b)  -> (artifact id: 'cab3a9f69ffa7d1f03930a9b13feae25') in 0.074401 seconds 
========================================================================
Received Import Request.
  Time since last request: 14.051577 seconds.
  path: Assets/Resources/Popups/InputHighscore.prefab
  artifactKey: Guid(91589c7f743cf67c59ee7bf3c2ab6fe1) Importer(815301076,1909f56bfc062723c751e8b465ee728b)
Start importing Assets/Resources/Popups/InputHighscore.prefab using Guid(91589c7f743cf67c59ee7bf3c2ab6fe1) Importer(815301076,1909f56bfc062723c751e8b465ee728b)  -> (artifact id: '9b59a85d2126cecd29a016ace5bd0e64') in 0.116192 seconds 
========================================================================
Received Import Request.
  Time since last request: 5.721701 seconds.
  path: Assets/Resources/Popups/InputHighscore.prefab
  artifactKey: Guid(91589c7f743cf67c59ee7bf3c2ab6fe1) Importer(815301076,1909f56bfc062723c751e8b465ee728b)
Start importing Assets/Resources/Popups/InputHighscore.prefab using Guid(91589c7f743cf67c59ee7bf3c2ab6fe1) Importer(815301076,1909f56bfc062723c751e8b465ee728b)  -> (artifact id: '9f7fca09968264ae887713f0989342a4') in 0.072067 seconds 
========================================================================
Received Import Request.
  Time since last request: 8.915448 seconds.
  path: Assets/Resources/Popups/InputHighscore.prefab
  artifactKey: Guid(91589c7f743cf67c59ee7bf3c2ab6fe1) Importer(815301076,1909f56bfc062723c751e8b465ee728b)
Start importing Assets/Resources/Popups/InputHighscore.prefab using Guid(91589c7f743cf67c59ee7bf3c2ab6fe1) Importer(815301076,1909f56bfc062723c751e8b465ee728b)  -> (artifact id: 'b6b2acb3eaf6e6267e19271153385dd9') in 0.080624 seconds 
========================================================================
Received Import Request.
  Time since last request: 30.168783 seconds.
  path: Assets/Resources/Popups/InputHighscore.prefab
  artifactKey: Guid(91589c7f743cf67c59ee7bf3c2ab6fe1) Importer(815301076,1909f56bfc062723c751e8b465ee728b)
Start importing Assets/Resources/Popups/InputHighscore.prefab using Guid(91589c7f743cf67c59ee7bf3c2ab6fe1) Importer(815301076,1909f56bfc062723c751e8b465ee728b)  -> (artifact id: '965aeafe3594e3383d56de057017e543') in 0.073794 seconds 
========================================================================
Received Import Request.
  Time since last request: 1.928648 seconds.
  path: Assets/Resources/Popups/InputHighscore.prefab
  artifactKey: Guid(91589c7f743cf67c59ee7bf3c2ab6fe1) Importer(815301076,1909f56bfc062723c751e8b465ee728b)
Start importing Assets/Resources/Popups/InputHighscore.prefab using Guid(91589c7f743cf67c59ee7bf3c2ab6fe1) Importer(815301076,1909f56bfc062723c751e8b465ee728b)  -> (artifact id: 'cb748c3569f22a043a651256ed1989da') in 0.078151 seconds 
========================================================================
Received Import Request.
  Time since last request: 0.992830 seconds.
  path: Assets/Resources/Popups/InputHighscore.prefab
  artifactKey: Guid(91589c7f743cf67c59ee7bf3c2ab6fe1) Importer(815301076,1909f56bfc062723c751e8b465ee728b)
Start importing Assets/Resources/Popups/InputHighscore.prefab using Guid(91589c7f743cf67c59ee7bf3c2ab6fe1) Importer(815301076,1909f56bfc062723c751e8b465ee728b)  -> (artifact id: 'e1cdf5314e3f423ea9e41a948b4d76d3') in 0.084533 seconds 
========================================================================
Received Import Request.
  Time since last request: 0.995208 seconds.
  path: Assets/Resources/Popups/InputHighscore.prefab
  artifactKey: Guid(91589c7f743cf67c59ee7bf3c2ab6fe1) Importer(815301076,1909f56bfc062723c751e8b465ee728b)
Start importing Assets/Resources/Popups/InputHighscore.prefab using Guid(91589c7f743cf67c59ee7bf3c2ab6fe1) Importer(815301076,1909f56bfc062723c751e8b465ee728b)  -> (artifact id: 'f87d5c9cdacd2820f5120bd423c195da') in 0.078071 seconds 
========================================================================
Received Import Request.
  Time since last request: 1.197729 seconds.
  path: Assets/Resources/Popups/InputHighscore.prefab
  artifactKey: Guid(91589c7f743cf67c59ee7bf3c2ab6fe1) Importer(815301076,1909f56bfc062723c751e8b465ee728b)
Start importing Assets/Resources/Popups/InputHighscore.prefab using Guid(91589c7f743cf67c59ee7bf3c2ab6fe1) Importer(815301076,1909f56bfc062723c751e8b465ee728b)  -> (artifact id: 'ac9a934dd84c09a062e7d37035a3ec57') in 0.077573 seconds 
========================================================================
Received Import Request.
  Time since last request: 0.838922 seconds.
  path: Assets/Resources/Popups/InputHighscore.prefab
  artifactKey: Guid(91589c7f743cf67c59ee7bf3c2ab6fe1) Importer(815301076,1909f56bfc062723c751e8b465ee728b)
Start importing Assets/Resources/Popups/InputHighscore.prefab using Guid(91589c7f743cf67c59ee7bf3c2ab6fe1) Importer(815301076,1909f56bfc062723c751e8b465ee728b)  -> (artifact id: 'ee7f424f68bdb3991754447754f136d4') in 0.078780 seconds 
========================================================================
Received Import Request.
  Time since last request: 0.808310 seconds.
  path: Assets/Resources/Popups/InputHighscore.prefab
  artifactKey: Guid(91589c7f743cf67c59ee7bf3c2ab6fe1) Importer(815301076,1909f56bfc062723c751e8b465ee728b)
Start importing Assets/Resources/Popups/InputHighscore.prefab using Guid(91589c7f743cf67c59ee7bf3c2ab6fe1) Importer(815301076,1909f56bfc062723c751e8b465ee728b)  -> (artifact id: 'a6da478a95c37521c7e3c3b08fe9d08f') in 0.086310 seconds 
========================================================================
Received Import Request.
  Time since last request: 2.901589 seconds.
  path: Assets/Resources/Popups/InputHighscore.prefab
  artifactKey: Guid(91589c7f743cf67c59ee7bf3c2ab6fe1) Importer(815301076,1909f56bfc062723c751e8b465ee728b)
Start importing Assets/Resources/Popups/InputHighscore.prefab using Guid(91589c7f743cf67c59ee7bf3c2ab6fe1) Importer(815301076,1909f56bfc062723c751e8b465ee728b)  -> (artifact id: '0e731c65159e033a2fc64025fe0d145a') in 0.077603 seconds 
========================================================================
Received Import Request.
  Time since last request: 1.486970 seconds.
  path: Assets/Resources/Popups/InputHighscore.prefab
  artifactKey: Guid(91589c7f743cf67c59ee7bf3c2ab6fe1) Importer(815301076,1909f56bfc062723c751e8b465ee728b)
Start importing Assets/Resources/Popups/InputHighscore.prefab using Guid(91589c7f743cf67c59ee7bf3c2ab6fe1) Importer(815301076,1909f56bfc062723c751e8b465ee728b)  -> (artifact id: 'e37bf2e8cda847ec51c9fc947764a2de') in 0.075705 seconds 
========================================================================
Received Import Request.
  Time since last request: 1.609058 seconds.
  path: Assets/Resources/Popups/InputHighscore.prefab
  artifactKey: Guid(91589c7f743cf67c59ee7bf3c2ab6fe1) Importer(815301076,1909f56bfc062723c751e8b465ee728b)
Start importing Assets/Resources/Popups/InputHighscore.prefab using Guid(91589c7f743cf67c59ee7bf3c2ab6fe1) Importer(815301076,1909f56bfc062723c751e8b465ee728b)  -> (artifact id: '776ad87245c9a49b2bf7d1d2fe89bdfe') in 0.081244 seconds 
========================================================================
Received Import Request.
  Time since last request: 1.646710 seconds.
  path: Assets/Resources/Popups/InputHighscore.prefab
  artifactKey: Guid(91589c7f743cf67c59ee7bf3c2ab6fe1) Importer(815301076,1909f56bfc062723c751e8b465ee728b)
Start importing Assets/Resources/Popups/InputHighscore.prefab using Guid(91589c7f743cf67c59ee7bf3c2ab6fe1) Importer(815301076,1909f56bfc062723c751e8b465ee728b)  -> (artifact id: '6eb059b38693dce33c722d0446a99181') in 0.081052 seconds 
========================================================================
Received Import Request.
  Time since last request: 1.755024 seconds.
  path: Assets/Resources/Popups/InputHighscore.prefab
  artifactKey: Guid(91589c7f743cf67c59ee7bf3c2ab6fe1) Importer(815301076,1909f56bfc062723c751e8b465ee728b)
Start importing Assets/Resources/Popups/InputHighscore.prefab using Guid(91589c7f743cf67c59ee7bf3c2ab6fe1) Importer(815301076,1909f56bfc062723c751e8b465ee728b)  -> (artifact id: 'f3cf7bfc4874b0458ce7c0389fa0a3e2') in 0.084480 seconds 
========================================================================
Received Import Request.
  Time since last request: 368.276732 seconds.
  path: Assets/Resources/Popups/PlayerAgain.prefab
  artifactKey: Guid(39b6286eef9fbd448bc02aa548814f64) Importer(815301076,1909f56bfc062723c751e8b465ee728b)
Start importing Assets/Resources/Popups/PlayerAgain.prefab using Guid(39b6286eef9fbd448bc02aa548814f64) Importer(815301076,1909f56bfc062723c751e8b465ee728b)  -> (artifact id: '387c6b218331a2d7764d13012e514564') in 0.071661 seconds 
========================================================================
Received Import Request.
  Time since last request: 639.459304 seconds.
  path: Assets/Resources/Popups/HighscorePopup.prefab
  artifactKey: Guid(ee95e08e0ecb35b93873286fcb0a214d) Importer(815301076,1909f56bfc062723c751e8b465ee728b)
Start importing Assets/Resources/Popups/HighscorePopup.prefab using Guid(ee95e08e0ecb35b93873286fcb0a214d) Importer(815301076,1909f56bfc062723c751e8b465ee728b)  -> (artifact id: '6848bd59a2944b67a94589d7983fa8a7') in 0.100246 seconds 
========================================================================
Received Prepare
Registering precompiled user dll's ...
Registered in 0.036135 seconds.
Begin MonoManager ReloadAssembly
Symbol file LoadedFromMemory doesn't match image /home/ngocphat/Documents/Games/Endless/Library/PackageCache/com.unity.visualscripting@1.7.8/Editor/VisualScripting.Core/Dependencies/YamlDotNet/Unity.VisualScripting.YamlDotNet.dll
Symbol file LoadedFromMemory doesn't match image /home/ngocphat/Documents/Games/Endless/Library/PackageCache/com.unity.visualscripting@1.7.8/Editor/VisualScripting.Core/Dependencies/DotNetZip/Unity.VisualScripting.IonicZip.dll
Native extension for LinuxStandalone target not found
Native extension for iOS target not found
Native extension for WebGL target not found
Refreshing native plugins compatible for Editor in 4.37 ms, found 1 plugins.
Preloading 0 native plugins for Editor in 0.00 ms.
Mono: successfully reloaded assembly
- Completed reload, in  7.148 seconds
Domain Reload Profiling:
	ReloadAssembly (7151ms)
		BeginReloadAssembly (880ms)
			ExecutionOrderSort (0ms)
			DisableScriptedObjects (36ms)
			BackupInstance (0ms)
			ReleaseScriptingObjects (1ms)
			CreateAndSetChildDomain (341ms)
		EndReloadAssembly (5545ms)
			LoadAssemblies (590ms)
			RebuildTransferFunctionScriptingTraits (0ms)
			SetupTypeCache (1902ms)
			ReleaseScriptCaches (6ms)
			RebuildScriptCaches (386ms)
			SetupLoadedEditorAssemblies (2417ms)
				LogAssemblyErrors (0ms)
				InitializePlatformSupportModulesInManaged (183ms)
				SetLoadedEditorAssemblies (4ms)
				RefreshPlugins (5ms)
				BeforeProcessingInitializeOnLoad (520ms)
				ProcessInitializeOnLoadAttributes (1452ms)
				ProcessInitializeOnLoadMethodAttributes (209ms)
				AfterProcessingInitializeOnLoad (42ms)
				EditorAssembliesLoaded (1ms)
			ExecutionOrderSort2 (0ms)
			AwakeInstancesAfterBackupRestoration (34ms)
Platform modules already initialized, skipping
Refreshing native plugins compatible for Editor in 13.44 ms, found 1 plugins.
Preloading 0 native plugins for Editor in 0.00 ms.
Unloading 4172 Unused Serialized files (Serialized files now loaded: 0)
Unloading 31 unused Assets / (60.3 KB). Loaded Objects now: 4698.
Memory consumption went from 154.7 MB to 154.6 MB.
Total: 32.191875 ms (FindLiveObjects: 1.603000 ms CreateObjectMapping: 1.274100 ms MarkObjects: 25.619488 ms  DeleteObjects: 3.688225 ms)

AssetImportParameters requested are different than current active one (requested -> active):
  custom:video-decoder-ogg-theora: a1e56fd34408186e4bbccfd4996cb3dc -> 
  custom:container-muxer-webm: aa71ff27fc2769a1b78a27578f13a17b -> 
  custom:container-demuxer-webm: 4f35f7cbe854078d1ac9338744f61a02 -> 
  custom:video-encoder-webm-vp8: eb34c28f22e8b96e1ab97ce403110664 -> 
  custom:audio-encoder-webm-vorbis: bf7c407c2cedff20999df2af8eb42d56 -> 
  custom:container-demuxer-ogg: 62fdf1f143b41e24485cea50d1cbac27 -> 
  custom:video-decoder-webm-vp8: 9c59270c3fd7afecdb556c50c9e8de78 -> 
  custom:audio-decoder-ogg-vorbis: bf7c407c2cedff20999df2af8eb42d56 -> 
========================================================================
Received Import Request.
  Time since last request: 85.151670 seconds.
  path: Assets/Resources/Popups/HighscorePopup.prefab
  artifactKey: Guid(ee95e08e0ecb35b93873286fcb0a214d) Importer(815301076,1909f56bfc062723c751e8b465ee728b)
Start importing Assets/Resources/Popups/HighscorePopup.prefab using Guid(ee95e08e0ecb35b93873286fcb0a214d) Importer(815301076,1909f56bfc062723c751e8b465ee728b)  -> (artifact id: 'd0cc302bb3bb1a8986b12d49f1e584d9') in 0.369699 seconds 
========================================================================
Received Import Request.
  Time since last request: 26.806656 seconds.
  path: Assets/Resources/Popups/HighscorePopup.prefab
  artifactKey: Guid(ee95e08e0ecb35b93873286fcb0a214d) Importer(815301076,1909f56bfc062723c751e8b465ee728b)
Start importing Assets/Resources/Popups/HighscorePopup.prefab using Guid(ee95e08e0ecb35b93873286fcb0a214d) Importer(815301076,1909f56bfc062723c751e8b465ee728b)  -> (artifact id: 'b481f32ef850634633aa9a46b972f63d') in 0.100966 seconds 
========================================================================
Received Import Request.
  Time since last request: 1.737384 seconds.
  path: Assets/Resources/Popups/HighscorePopup.prefab
  artifactKey: Guid(ee95e08e0ecb35b93873286fcb0a214d) Importer(815301076,1909f56bfc062723c751e8b465ee728b)
Start importing Assets/Resources/Popups/HighscorePopup.prefab using Guid(ee95e08e0ecb35b93873286fcb0a214d) Importer(815301076,1909f56bfc062723c751e8b465ee728b)  -> (artifact id: 'f2b6b6e94ca5eaef51231e83aa298354') in 0.091879 seconds 
========================================================================
Received Import Request.
  Time since last request: 3.848051 seconds.
  path: Assets/Resources/Popups/HighscorePopup.prefab
  artifactKey: Guid(ee95e08e0ecb35b93873286fcb0a214d) Importer(815301076,1909f56bfc062723c751e8b465ee728b)
Start importing Assets/Resources/Popups/HighscorePopup.prefab using Guid(ee95e08e0ecb35b93873286fcb0a214d) Importer(815301076,1909f56bfc062723c751e8b465ee728b)  -> (artifact id: '5cbff9495a6085856deb2ecf5644d538') in 0.107866 seconds 
========================================================================
Received Import Request.
  Time since last request: 23.429982 seconds.
  path: Assets/Resources/Popups/HighscorePopup.prefab
  artifactKey: Guid(ee95e08e0ecb35b93873286fcb0a214d) Importer(815301076,1909f56bfc062723c751e8b465ee728b)
Start importing Assets/Resources/Popups/HighscorePopup.prefab using Guid(ee95e08e0ecb35b93873286fcb0a214d) Importer(815301076,1909f56bfc062723c751e8b465ee728b)  -> (artifact id: 'c9527ab4322e1c71699188b0aa38f1e8') in 0.092814 seconds 
========================================================================
Received Prepare
Registering precompiled user dll's ...
Registered in 0.038085 seconds.
Begin MonoManager ReloadAssembly
Symbol file LoadedFromMemory doesn't match image /home/ngocphat/Documents/Games/Endless/Library/PackageCache/com.unity.visualscripting@1.7.8/Editor/VisualScripting.Core/Dependencies/YamlDotNet/Unity.VisualScripting.YamlDotNet.dll
Symbol file LoadedFromMemory doesn't match image /home/ngocphat/Documents/Games/Endless/Library/PackageCache/com.unity.visualscripting@1.7.8/Editor/VisualScripting.Core/Dependencies/DotNetZip/Unity.VisualScripting.IonicZip.dll
Native extension for LinuxStandalone target not found
Native extension for iOS target not found
Native extension for WebGL target not found
Refreshing native plugins compatible for Editor in 4.23 ms, found 1 plugins.
Preloading 0 native plugins for Editor in 0.00 ms.
Mono: successfully reloaded assembly
- Completed reload, in  5.984 seconds
Domain Reload Profiling:
	ReloadAssembly (5988ms)
		BeginReloadAssembly (646ms)
			ExecutionOrderSort (0ms)
			DisableScriptedObjects (30ms)
			BackupInstance (0ms)
			ReleaseScriptingObjects (1ms)
			CreateAndSetChildDomain (238ms)
		EndReloadAssembly (4740ms)
			LoadAssemblies (452ms)
			RebuildTransferFunctionScriptingTraits (0ms)
			SetupTypeCache (1503ms)
			ReleaseScriptCaches (6ms)
			RebuildScriptCaches (331ms)
			SetupLoadedEditorAssemblies (2057ms)
				LogAssemblyErrors (0ms)
				InitializePlatformSupportModulesInManaged (155ms)
				SetLoadedEditorAssemblies (3ms)
				RefreshPlugins (4ms)
				BeforeProcessingInitializeOnLoad (458ms)
				ProcessInitializeOnLoadAttributes (1208ms)
				ProcessInitializeOnLoadMethodAttributes (187ms)
				AfterProcessingInitializeOnLoad (40ms)
				EditorAssembliesLoaded (1ms)
			ExecutionOrderSort2 (0ms)
			AwakeInstancesAfterBackupRestoration (33ms)
Platform modules already initialized, skipping
Refreshing native plugins compatible for Editor in 12.87 ms, found 1 plugins.
Preloading 0 native plugins for Editor in 0.00 ms.
Unloading 4172 Unused Serialized files (Serialized files now loaded: 0)
Unloading 30 unused Assets / (60.2 KB). Loaded Objects now: 4701.
Memory consumption went from 154.7 MB to 154.6 MB.
Total: 33.177775 ms (FindLiveObjects: 1.633150 ms CreateObjectMapping: 1.397188 ms MarkObjects: 24.052300 ms  DeleteObjects: 6.088038 ms)

AssetImportParameters requested are different than current active one (requested -> active):
  custom:video-decoder-ogg-theora: a1e56fd34408186e4bbccfd4996cb3dc -> 
  custom:container-muxer-webm: aa71ff27fc2769a1b78a27578f13a17b -> 
  custom:container-demuxer-webm: 4f35f7cbe854078d1ac9338744f61a02 -> 
  custom:video-encoder-webm-vp8: eb34c28f22e8b96e1ab97ce403110664 -> 
  custom:audio-encoder-webm-vorbis: bf7c407c2cedff20999df2af8eb42d56 -> 
  custom:container-demuxer-ogg: 62fdf1f143b41e24485cea50d1cbac27 -> 
  custom:video-decoder-webm-vp8: 9c59270c3fd7afecdb556c50c9e8de78 -> 
  custom:audio-decoder-ogg-vorbis: bf7c407c2cedff20999df2af8eb42d56 -> 
========================================================================
Received Import Request.
  Time since last request: 40.179845 seconds.
  path: Assets/Resources/Popups/HighscorePopup.prefab
  artifactKey: Guid(ee95e08e0ecb35b93873286fcb0a214d) Importer(815301076,1909f56bfc062723c751e8b465ee728b)
Start importing Assets/Resources/Popups/HighscorePopup.prefab using Guid(ee95e08e0ecb35b93873286fcb0a214d) Importer(815301076,1909f56bfc062723c751e8b465ee728b)  -> (artifact id: '08e6f7462861184358305794244383e8') in 0.351212 seconds 
========================================================================
Received Import Request.
  Time since last request: 1.867645 seconds.
  path: Assets/Resources/Popups/HighscorePopup.prefab
  artifactKey: Guid(ee95e08e0ecb35b93873286fcb0a214d) Importer(815301076,1909f56bfc062723c751e8b465ee728b)
Start importing Assets/Resources/Popups/HighscorePopup.prefab using Guid(ee95e08e0ecb35b93873286fcb0a214d) Importer(815301076,1909f56bfc062723c751e8b465ee728b)  -> (artifact id: 'a914529204b56ab054b7bba7d5fb2392') in 0.118036 seconds 
========================================================================
Received Import Request.
  Time since last request: 9.886801 seconds.
  path: Assets/Resources/Popups/HighscorePopup.prefab
  artifactKey: Guid(ee95e08e0ecb35b93873286fcb0a214d) Importer(815301076,1909f56bfc062723c751e8b465ee728b)
Start importing Assets/Resources/Popups/HighscorePopup.prefab using Guid(ee95e08e0ecb35b93873286fcb0a214d) Importer(815301076,1909f56bfc062723c751e8b465ee728b)  -> (artifact id: 'ad6a7304a39de2f23b0e362ff40827c2') in 0.091597 seconds 
========================================================================
Received Import Request.
  Time since last request: 1.978820 seconds.
  path: Assets/Resources/Popups/HighscorePopup.prefab
  artifactKey: Guid(ee95e08e0ecb35b93873286fcb0a214d) Importer(815301076,1909f56bfc062723c751e8b465ee728b)
Start importing Assets/Resources/Popups/HighscorePopup.prefab using Guid(ee95e08e0ecb35b93873286fcb0a214d) Importer(815301076,1909f56bfc062723c751e8b465ee728b)  -> (artifact id: '3799edba65f8fa6dda367b1da85f237e') in 0.092673 seconds 
========================================================================
Received Import Request.
  Time since last request: 7.672122 seconds.
  path: Assets/Resources/Popups/HighscorePopup.prefab
  artifactKey: Guid(ee95e08e0ecb35b93873286fcb0a214d) Importer(815301076,1909f56bfc062723c751e8b465ee728b)
Start importing Assets/Resources/Popups/HighscorePopup.prefab using Guid(ee95e08e0ecb35b93873286fcb0a214d) Importer(815301076,1909f56bfc062723c751e8b465ee728b)  -> (artifact id: '784244c4400893ab73c1838bbda07f12') in 0.114875 seconds 
========================================================================
Received Import Request.
  Time since last request: 7.486992 seconds.
  path: Assets/Resources/Popups/HighscorePopup.prefab
  artifactKey: Guid(ee95e08e0ecb35b93873286fcb0a214d) Importer(815301076,1909f56bfc062723c751e8b465ee728b)
Start importing Assets/Resources/Popups/HighscorePopup.prefab using Guid(ee95e08e0ecb35b93873286fcb0a214d) Importer(815301076,1909f56bfc062723c751e8b465ee728b)  -> (artifact id: 'c55b0b5ef466e85ee18f244921306465') in 0.118180 seconds 
========================================================================
Received Import Request.
  Time since last request: 2.557376 seconds.
  path: Assets/Resources/Popups/HighscorePopup.prefab
  artifactKey: Guid(ee95e08e0ecb35b93873286fcb0a214d) Importer(815301076,1909f56bfc062723c751e8b465ee728b)
Start importing Assets/Resources/Popups/HighscorePopup.prefab using Guid(ee95e08e0ecb35b93873286fcb0a214d) Importer(815301076,1909f56bfc062723c751e8b465ee728b)  -> (artifact id: 'd9a369ee696da718c1c02e6d4a0a7470') in 0.079110 seconds 
========================================================================
Received Import Request.
  Time since last request: 3.782157 seconds.
  path: Assets/Resources/Popups/HighscorePopup.prefab
  artifactKey: Guid(ee95e08e0ecb35b93873286fcb0a214d) Importer(815301076,1909f56bfc062723c751e8b465ee728b)
Start importing Assets/Resources/Popups/HighscorePopup.prefab using Guid(ee95e08e0ecb35b93873286fcb0a214d) Importer(815301076,1909f56bfc062723c751e8b465ee728b)  -> (artifact id: 'c2c8212304e9844724be231a51dd67f5') in 0.106413 seconds 
========================================================================
Received Import Request.
  Time since last request: 0.863285 seconds.
  path: Assets/Resources/Popups/HighscorePopup.prefab
  artifactKey: Guid(ee95e08e0ecb35b93873286fcb0a214d) Importer(815301076,1909f56bfc062723c751e8b465ee728b)
Start importing Assets/Resources/Popups/HighscorePopup.prefab using Guid(ee95e08e0ecb35b93873286fcb0a214d) Importer(815301076,1909f56bfc062723c751e8b465ee728b)  -> (artifact id: '18638dd6c663df063fc94119e3eacaf9') in 0.125533 seconds 
========================================================================
Received Import Request.
  Time since last request: 1.188626 seconds.
  path: Assets/Resources/Popups/HighscorePopup.prefab
  artifactKey: Guid(ee95e08e0ecb35b93873286fcb0a214d) Importer(815301076,1909f56bfc062723c751e8b465ee728b)
Start importing Assets/Resources/Popups/HighscorePopup.prefab using Guid(ee95e08e0ecb35b93873286fcb0a214d) Importer(815301076,1909f56bfc062723c751e8b465ee728b)  -> (artifact id: '9a7480be9de134e05cf3e9b589096a67') in 0.083504 seconds 
========================================================================
Received Import Request.
  Time since last request: 2.840701 seconds.
  path: Assets/Resources/Popups/HighscorePopup.prefab
  artifactKey: Guid(ee95e08e0ecb35b93873286fcb0a214d) Importer(815301076,1909f56bfc062723c751e8b465ee728b)
Start importing Assets/Resources/Popups/HighscorePopup.prefab using Guid(ee95e08e0ecb35b93873286fcb0a214d) Importer(815301076,1909f56bfc062723c751e8b465ee728b)  -> (artifact id: 'bc94a64d5e4e5fdd2ac54ced4741d88a') in 0.109116 seconds 
========================================================================
Received Import Request.
  Time since last request: 2.985541 seconds.
  path: Assets/Resources/Popups/HighscorePopup.prefab
  artifactKey: Guid(ee95e08e0ecb35b93873286fcb0a214d) Importer(815301076,1909f56bfc062723c751e8b465ee728b)
Start importing Assets/Resources/Popups/HighscorePopup.prefab using Guid(ee95e08e0ecb35b93873286fcb0a214d) Importer(815301076,1909f56bfc062723c751e8b465ee728b)  -> (artifact id: '496abd0bb289b70c5d2df072134de136') in 0.097328 seconds 
========================================================================
Received Import Request.
  Time since last request: 5.296249 seconds.
  path: Assets/Resources/Popups/HighscorePopup.prefab
  artifactKey: Guid(ee95e08e0ecb35b93873286fcb0a214d) Importer(815301076,1909f56bfc062723c751e8b465ee728b)
Start importing Assets/Resources/Popups/HighscorePopup.prefab using Guid(ee95e08e0ecb35b93873286fcb0a214d) Importer(815301076,1909f56bfc062723c751e8b465ee728b)  -> (artifact id: 'd23b44670429ffaede502d0d8189e797') in 0.094534 seconds 
========================================================================
Received Import Request.
  Time since last request: 5.002150 seconds.
  path: Assets/Resources/Popups/HighscorePopup.prefab
  artifactKey: Guid(ee95e08e0ecb35b93873286fcb0a214d) Importer(815301076,1909f56bfc062723c751e8b465ee728b)
Start importing Assets/Resources/Popups/HighscorePopup.prefab using Guid(ee95e08e0ecb35b93873286fcb0a214d) Importer(815301076,1909f56bfc062723c751e8b465ee728b)  -> (artifact id: '0613ba0a49f3f5e00f8ba3f8bf93cea4') in 0.086606 seconds 
========================================================================
Received Import Request.
  Time since last request: 17.517013 seconds.
  path: Assets/Resources/Popups/HighscorePopup.prefab
  artifactKey: Guid(ee95e08e0ecb35b93873286fcb0a214d) Importer(815301076,1909f56bfc062723c751e8b465ee728b)
Start importing Assets/Resources/Popups/HighscorePopup.prefab using Guid(ee95e08e0ecb35b93873286fcb0a214d) Importer(815301076,1909f56bfc062723c751e8b465ee728b)  -> (artifact id: '9d9282a2278eb9b67ff1e44cc7bfd3ea') in 0.102761 seconds 
========================================================================
Received Import Request.
  Time since last request: 1.023715 seconds.
  path: Assets/Resources/Popups/HighscorePopup.prefab
  artifactKey: Guid(ee95e08e0ecb35b93873286fcb0a214d) Importer(815301076,1909f56bfc062723c751e8b465ee728b)
Start importing Assets/Resources/Popups/HighscorePopup.prefab using Guid(ee95e08e0ecb35b93873286fcb0a214d) Importer(815301076,1909f56bfc062723c751e8b465ee728b)  -> (artifact id: '7f60aa4e67a3745d2f36e312f8199e5a') in 0.101798 seconds 
========================================================================
Received Import Request.
  Time since last request: 2.239706 seconds.
  path: Assets/Resources/Popups/HighscorePopup.prefab
  artifactKey: Guid(ee95e08e0ecb35b93873286fcb0a214d) Importer(815301076,1909f56bfc062723c751e8b465ee728b)
Start importing Assets/Resources/Popups/HighscorePopup.prefab using Guid(ee95e08e0ecb35b93873286fcb0a214d) Importer(815301076,1909f56bfc062723c751e8b465ee728b)  -> (artifact id: '7213fd5c8a69c55ba384e79feeb2c715') in 0.089515 seconds 
========================================================================
Received Import Request.
  Time since last request: 3.669469 seconds.
  path: Assets/Resources/Popups/HighscorePopup.prefab
  artifactKey: Guid(ee95e08e0ecb35b93873286fcb0a214d) Importer(815301076,1909f56bfc062723c751e8b465ee728b)
Start importing Assets/Resources/Popups/HighscorePopup.prefab using Guid(ee95e08e0ecb35b93873286fcb0a214d) Importer(815301076,1909f56bfc062723c751e8b465ee728b)  -> (artifact id: '397cd63952e4f399e0638fd438554dcd') in 0.080064 seconds 
========================================================================
Received Import Request.
  Time since last request: 2.977967 seconds.
  path: Assets/Resources/Popups/HighscorePopup.prefab
  artifactKey: Guid(ee95e08e0ecb35b93873286fcb0a214d) Importer(815301076,1909f56bfc062723c751e8b465ee728b)
Start importing Assets/Resources/Popups/HighscorePopup.prefab using Guid(ee95e08e0ecb35b93873286fcb0a214d) Importer(815301076,1909f56bfc062723c751e8b465ee728b)  -> (artifact id: '9f0d5209e615656e5f22c344cf32c4cb') in 0.109551 seconds 
========================================================================
Received Import Request.
  Time since last request: 2.191465 seconds.
  path: Assets/Resources/Popups/HighscorePopup.prefab
  artifactKey: Guid(ee95e08e0ecb35b93873286fcb0a214d) Importer(815301076,1909f56bfc062723c751e8b465ee728b)
Start importing Assets/Resources/Popups/HighscorePopup.prefab using Guid(ee95e08e0ecb35b93873286fcb0a214d) Importer(815301076,1909f56bfc062723c751e8b465ee728b)  -> (artifact id: 'd3b3c63084b555c4e81cf954ef6fa3fa') in 0.099350 seconds 
========================================================================
Received Import Request.
  Time since last request: 10.263714 seconds.
  path: Assets/Resources/Popups/HighscorePopup.prefab
  artifactKey: Guid(ee95e08e0ecb35b93873286fcb0a214d) Importer(815301076,1909f56bfc062723c751e8b465ee728b)
Start importing Assets/Resources/Popups/HighscorePopup.prefab using Guid(ee95e08e0ecb35b93873286fcb0a214d) Importer(815301076,1909f56bfc062723c751e8b465ee728b)  -> (artifact id: 'a084e54fbcb60f2643aeb2f03c004ee4') in 0.081691 seconds 
========================================================================
Received Import Request.
  Time since last request: 13.928324 seconds.
  path: Assets/Resources/Popups/HighscorePopup.prefab
  artifactKey: Guid(ee95e08e0ecb35b93873286fcb0a214d) Importer(815301076,1909f56bfc062723c751e8b465ee728b)
Start importing Assets/Resources/Popups/HighscorePopup.prefab using Guid(ee95e08e0ecb35b93873286fcb0a214d) Importer(815301076,1909f56bfc062723c751e8b465ee728b)  -> (artifact id: '6d8a1538cb86ff4f5b4ff70a58664f47') in 0.113142 seconds 
========================================================================
Received Import Request.
  Time since last request: 7.531295 seconds.
  path: Assets/Resources/Popups/HighscorePopup.prefab
  artifactKey: Guid(ee95e08e0ecb35b93873286fcb0a214d) Importer(815301076,1909f56bfc062723c751e8b465ee728b)
Start importing Assets/Resources/Popups/HighscorePopup.prefab using Guid(ee95e08e0ecb35b93873286fcb0a214d) Importer(815301076,1909f56bfc062723c751e8b465ee728b)  -> (artifact id: '2cc205335f07ce14ef233d8d0dcdd57a') in 0.097505 seconds 
========================================================================
Received Import Request.
  Time since last request: 4.416166 seconds.
  path: Assets/Resources/Popups/HighscorePopup.prefab
  artifactKey: Guid(ee95e08e0ecb35b93873286fcb0a214d) Importer(815301076,1909f56bfc062723c751e8b465ee728b)
Start importing Assets/Resources/Popups/HighscorePopup.prefab using Guid(ee95e08e0ecb35b93873286fcb0a214d) Importer(815301076,1909f56bfc062723c751e8b465ee728b)  -> (artifact id: '3ae835f1a0f9b2e041f45c76acc11e04') in 0.121894 seconds 
========================================================================
Received Import Request.
  Time since last request: 5.905497 seconds.
  path: Assets/Resources/Popups/HighscorePopup.prefab
  artifactKey: Guid(ee95e08e0ecb35b93873286fcb0a214d) Importer(815301076,1909f56bfc062723c751e8b465ee728b)
Start importing Assets/Resources/Popups/HighscorePopup.prefab using Guid(ee95e08e0ecb35b93873286fcb0a214d) Importer(815301076,1909f56bfc062723c751e8b465ee728b)  -> (artifact id: '4167f8e8abd4590e44fcc8dfac84cc7f') in 0.080753 seconds 
========================================================================
Received Import Request.
  Time since last request: 1.410499 seconds.
  path: Assets/Resources/Popups/HighscorePopup.prefab
  artifactKey: Guid(ee95e08e0ecb35b93873286fcb0a214d) Importer(815301076,1909f56bfc062723c751e8b465ee728b)
Start importing Assets/Resources/Popups/HighscorePopup.prefab using Guid(ee95e08e0ecb35b93873286fcb0a214d) Importer(815301076,1909f56bfc062723c751e8b465ee728b)  -> (artifact id: '87dd421b7571752e398464d3bc033d93') in 0.085257 seconds 
========================================================================
Received Import Request.
  Time since last request: 3.198646 seconds.
  path: Assets/Resources/Popups/HighscorePopup.prefab
  artifactKey: Guid(ee95e08e0ecb35b93873286fcb0a214d) Importer(815301076,1909f56bfc062723c751e8b465ee728b)
Start importing Assets/Resources/Popups/HighscorePopup.prefab using Guid(ee95e08e0ecb35b93873286fcb0a214d) Importer(815301076,1909f56bfc062723c751e8b465ee728b)  -> (artifact id: '09c74e29449e1f1100da8c1cdd06db41') in 0.095468 seconds 
========================================================================
Received Import Request.
  Time since last request: 11.603976 seconds.
  path: Assets/Resources/Popups/HighscorePopup.prefab
  artifactKey: Guid(ee95e08e0ecb35b93873286fcb0a214d) Importer(815301076,1909f56bfc062723c751e8b465ee728b)
Start importing Assets/Resources/Popups/HighscorePopup.prefab using Guid(ee95e08e0ecb35b93873286fcb0a214d) Importer(815301076,1909f56bfc062723c751e8b465ee728b)  -> (artifact id: 'f3049e0df0b992eb53c3cfecec1c8906') in 0.094493 seconds 
========================================================================
Received Import Request.
  Time since last request: 8.029513 seconds.
  path: Assets/Resources/Popups/HighscorePopup.prefab
  artifactKey: Guid(ee95e08e0ecb35b93873286fcb0a214d) Importer(815301076,1909f56bfc062723c751e8b465ee728b)
Start importing Assets/Resources/Popups/HighscorePopup.prefab using Guid(ee95e08e0ecb35b93873286fcb0a214d) Importer(815301076,1909f56bfc062723c751e8b465ee728b)  -> (artifact id: 'e8ec620af26c27208ec36a3a92e7dbcb') in 0.106513 seconds 
========================================================================
Received Import Request.
  Time since last request: 5.000450 seconds.
  path: Assets/Resources/Popups/HighscorePopup.prefab
  artifactKey: Guid(ee95e08e0ecb35b93873286fcb0a214d) Importer(815301076,1909f56bfc062723c751e8b465ee728b)
Start importing Assets/Resources/Popups/HighscorePopup.prefab using Guid(ee95e08e0ecb35b93873286fcb0a214d) Importer(815301076,1909f56bfc062723c751e8b465ee728b)  -> (artifact id: '4e9d888510ec84db4b10d6faee088872') in 0.085721 seconds 
========================================================================
Received Import Request.
  Time since last request: 1.509999 seconds.
  path: Assets/Resources/Popups/HighscorePopup.prefab
  artifactKey: Guid(ee95e08e0ecb35b93873286fcb0a214d) Importer(815301076,1909f56bfc062723c751e8b465ee728b)
Start importing Assets/Resources/Popups/HighscorePopup.prefab using Guid(ee95e08e0ecb35b93873286fcb0a214d) Importer(815301076,1909f56bfc062723c751e8b465ee728b)  -> (artifact id: '1d906fe06ec1d3d33fd3f415d63d9658') in 0.079512 seconds 
========================================================================
Received Import Request.
  Time since last request: 1.290175 seconds.
  path: Assets/Resources/Popups/HighscorePopup.prefab
  artifactKey: Guid(ee95e08e0ecb35b93873286fcb0a214d) Importer(815301076,1909f56bfc062723c751e8b465ee728b)
Start importing Assets/Resources/Popups/HighscorePopup.prefab using Guid(ee95e08e0ecb35b93873286fcb0a214d) Importer(815301076,1909f56bfc062723c751e8b465ee728b)  -> (artifact id: '3d12c068d592f16cd3f86eece73909f0') in 0.084516 seconds 
========================================================================
Received Import Request.
  Time since last request: 9.348494 seconds.
  path: Assets/Resources/Popups/HighscorePopup.prefab
  artifactKey: Guid(ee95e08e0ecb35b93873286fcb0a214d) Importer(815301076,1909f56bfc062723c751e8b465ee728b)
Start importing Assets/Resources/Popups/HighscorePopup.prefab using Guid(ee95e08e0ecb35b93873286fcb0a214d) Importer(815301076,1909f56bfc062723c751e8b465ee728b)  -> (artifact id: 'e4722503eac33718c6dbc2932501065e') in 0.083895 seconds 
========================================================================
Received Import Request.
  Time since last request: 7.279573 seconds.
  path: Assets/Resources/Popups/HighscorePopup.prefab
  artifactKey: Guid(ee95e08e0ecb35b93873286fcb0a214d) Importer(815301076,1909f56bfc062723c751e8b465ee728b)
Start importing Assets/Resources/Popups/HighscorePopup.prefab using Guid(ee95e08e0ecb35b93873286fcb0a214d) Importer(815301076,1909f56bfc062723c751e8b465ee728b)  -> (artifact id: '469916fb0d20be6749cc9681e271b886') in 0.103013 seconds 
========================================================================
Received Import Request.
  Time since last request: 1.734834 seconds.
  path: Assets/Resources/Popups/HighscorePopup.prefab
  artifactKey: Guid(ee95e08e0ecb35b93873286fcb0a214d) Importer(815301076,1909f56bfc062723c751e8b465ee728b)
Start importing Assets/Resources/Popups/HighscorePopup.prefab using Guid(ee95e08e0ecb35b93873286fcb0a214d) Importer(815301076,1909f56bfc062723c751e8b465ee728b)  -> (artifact id: '0a066256b42ab9fb1ea19fd250f97a7f') in 0.113642 seconds 
========================================================================
Received Import Request.
  Time since last request: 8.620608 seconds.
  path: Assets/Resources/Popups/HighscorePopup.prefab
  artifactKey: Guid(ee95e08e0ecb35b93873286fcb0a214d) Importer(815301076,1909f56bfc062723c751e8b465ee728b)
Start importing Assets/Resources/Popups/HighscorePopup.prefab using Guid(ee95e08e0ecb35b93873286fcb0a214d) Importer(815301076,1909f56bfc062723c751e8b465ee728b)  -> (artifact id: '632666158a417b61c84ef249b5fdf673') in 0.091829 seconds 
========================================================================
Received Import Request.
  Time since last request: 18.434094 seconds.
  path: Assets/Resources/Popups/HighscorePopup.prefab
  artifactKey: Guid(ee95e08e0ecb35b93873286fcb0a214d) Importer(815301076,1909f56bfc062723c751e8b465ee728b)
Start importing Assets/Resources/Popups/HighscorePopup.prefab using Guid(ee95e08e0ecb35b93873286fcb0a214d) Importer(815301076,1909f56bfc062723c751e8b465ee728b)  -> (artifact id: 'db92af5289fc4f3adbc499c05422b35d') in 0.096171 seconds 
========================================================================
Received Import Request.
  Time since last request: 2.414728 seconds.
  path: Assets/Resources/Popups/HighscorePopup.prefab
  artifactKey: Guid(ee95e08e0ecb35b93873286fcb0a214d) Importer(815301076,1909f56bfc062723c751e8b465ee728b)
Start importing Assets/Resources/Popups/HighscorePopup.prefab using Guid(ee95e08e0ecb35b93873286fcb0a214d) Importer(815301076,1909f56bfc062723c751e8b465ee728b)  -> (artifact id: '9a31668e019ac36bd595bb2d4cd26fc0') in 0.092166 seconds 
========================================================================
Received Import Request.
  Time since last request: 1.036271 seconds.
  path: Assets/Resources/Popups/HighscorePopup.prefab
  artifactKey: Guid(ee95e08e0ecb35b93873286fcb0a214d) Importer(815301076,1909f56bfc062723c751e8b465ee728b)
Start importing Assets/Resources/Popups/HighscorePopup.prefab using Guid(ee95e08e0ecb35b93873286fcb0a214d) Importer(815301076,1909f56bfc062723c751e8b465ee728b)  -> (artifact id: 'c2ee4ded26a96aab8579df097019854f') in 0.120536 seconds 
========================================================================
Received Import Request.
  Time since last request: 7.004232 seconds.
  path: Assets/Resources/Popups/HighscorePopup.prefab
  artifactKey: Guid(ee95e08e0ecb35b93873286fcb0a214d) Importer(815301076,1909f56bfc062723c751e8b465ee728b)
Start importing Assets/Resources/Popups/HighscorePopup.prefab using Guid(ee95e08e0ecb35b93873286fcb0a214d) Importer(815301076,1909f56bfc062723c751e8b465ee728b)  -> (artifact id: '4d346dc9ce28496f6ab3f631bcd3e80b') in 0.103189 seconds 
========================================================================
Received Import Request.
  Time since last request: 3.701334 seconds.
  path: Assets/Resources/Popups/HighscorePopup.prefab
  artifactKey: Guid(ee95e08e0ecb35b93873286fcb0a214d) Importer(815301076,1909f56bfc062723c751e8b465ee728b)
Start importing Assets/Resources/Popups/HighscorePopup.prefab using Guid(ee95e08e0ecb35b93873286fcb0a214d) Importer(815301076,1909f56bfc062723c751e8b465ee728b)  -> (artifact id: '58739ad05e5a94925a4acb8065bb2fea') in 0.092094 seconds 
========================================================================
Received Import Request.
  Time since last request: 0.908991 seconds.
  path: Assets/Resources/Popups/HighscorePopup.prefab
  artifactKey: Guid(ee95e08e0ecb35b93873286fcb0a214d) Importer(815301076,1909f56bfc062723c751e8b465ee728b)
Start importing Assets/Resources/Popups/HighscorePopup.prefab using Guid(ee95e08e0ecb35b93873286fcb0a214d) Importer(815301076,1909f56bfc062723c751e8b465ee728b)  -> (artifact id: '134ee08bdadd5f037c78fb0eb296693a') in 0.096059 seconds 
========================================================================
Received Import Request.
  Time since last request: 1.491536 seconds.
  path: Assets/Resources/Popups/HighscorePopup.prefab
  artifactKey: Guid(ee95e08e0ecb35b93873286fcb0a214d) Importer(815301076,1909f56bfc062723c751e8b465ee728b)
Start importing Assets/Resources/Popups/HighscorePopup.prefab using Guid(ee95e08e0ecb35b93873286fcb0a214d) Importer(815301076,1909f56bfc062723c751e8b465ee728b)  -> (artifact id: 'cf50586501e260c1e6a27a2b9bfebbe6') in 0.104100 seconds 
========================================================================
Received Import Request.
  Time since last request: 2.145525 seconds.
  path: Assets/Resources/Popups/HighscorePopup.prefab
  artifactKey: Guid(ee95e08e0ecb35b93873286fcb0a214d) Importer(815301076,1909f56bfc062723c751e8b465ee728b)
Start importing Assets/Resources/Popups/HighscorePopup.prefab using Guid(ee95e08e0ecb35b93873286fcb0a214d) Importer(815301076,1909f56bfc062723c751e8b465ee728b)  -> (artifact id: '521f1c8a2e2f432a3d514b74ff777fc2') in 0.089967 seconds 
========================================================================
Received Import Request.
  Time since last request: 0.547977 seconds.
  path: Assets/Resources/Popups/HighscorePopup.prefab
  artifactKey: Guid(ee95e08e0ecb35b93873286fcb0a214d) Importer(815301076,1909f56bfc062723c751e8b465ee728b)
Start importing Assets/Resources/Popups/HighscorePopup.prefab using Guid(ee95e08e0ecb35b93873286fcb0a214d) Importer(815301076,1909f56bfc062723c751e8b465ee728b)  -> (artifact id: '89b03058750eab2427a104bedc710b50') in 0.120984 seconds 
========================================================================
Received Import Request.
  Time since last request: 0.934187 seconds.
  path: Assets/Resources/Popups/HighscorePopup.prefab
  artifactKey: Guid(ee95e08e0ecb35b93873286fcb0a214d) Importer(815301076,1909f56bfc062723c751e8b465ee728b)
Start importing Assets/Resources/Popups/HighscorePopup.prefab using Guid(ee95e08e0ecb35b93873286fcb0a214d) Importer(815301076,1909f56bfc062723c751e8b465ee728b)  -> (artifact id: '81844abb5c7c1e78864102426b2c6c04') in 0.087131 seconds 
========================================================================
Received Import Request.
  Time since last request: 1.367994 seconds.
  path: Assets/Resources/Popups/HighscorePopup.prefab
  artifactKey: Guid(ee95e08e0ecb35b93873286fcb0a214d) Importer(815301076,1909f56bfc062723c751e8b465ee728b)
Start importing Assets/Resources/Popups/HighscorePopup.prefab using Guid(ee95e08e0ecb35b93873286fcb0a214d) Importer(815301076,1909f56bfc062723c751e8b465ee728b)  -> (artifact id: '49fa9a273b9bc59e5fd5c2b22eb044ab') in 0.106138 seconds 
========================================================================
Received Import Request.
  Time since last request: 16.521649 seconds.
  path: Assets/Resources/Popups/HighscorePopup.prefab
  artifactKey: Guid(ee95e08e0ecb35b93873286fcb0a214d) Importer(815301076,1909f56bfc062723c751e8b465ee728b)
Start importing Assets/Resources/Popups/HighscorePopup.prefab using Guid(ee95e08e0ecb35b93873286fcb0a214d) Importer(815301076,1909f56bfc062723c751e8b465ee728b)  -> (artifact id: 'f249aa90ea59fe2fb7b3a87d27f21e5d') in 0.108760 seconds 
========================================================================
Received Import Request.
  Time since last request: 1.720088 seconds.
  path: Assets/Resources/Popups/HighscorePopup.prefab
  artifactKey: Guid(ee95e08e0ecb35b93873286fcb0a214d) Importer(815301076,1909f56bfc062723c751e8b465ee728b)
Start importing Assets/Resources/Popups/HighscorePopup.prefab using Guid(ee95e08e0ecb35b93873286fcb0a214d) Importer(815301076,1909f56bfc062723c751e8b465ee728b)  -> (artifact id: 'fb4ff864edc3fc4adedb106389757018') in 0.106324 seconds 
========================================================================
Received Import Request.
  Time since last request: 1.862671 seconds.
  path: Assets/Resources/Popups/HighscorePopup.prefab
  artifactKey: Guid(ee95e08e0ecb35b93873286fcb0a214d) Importer(815301076,1909f56bfc062723c751e8b465ee728b)
Start importing Assets/Resources/Popups/HighscorePopup.prefab using Guid(ee95e08e0ecb35b93873286fcb0a214d) Importer(815301076,1909f56bfc062723c751e8b465ee728b)  -> (artifact id: '24134ebe17c331b9a38470f5085a7114') in 0.112450 seconds 
========================================================================
Received Import Request.
  Time since last request: 1.473474 seconds.
  path: Assets/Resources/Popups/HighscorePopup.prefab
  artifactKey: Guid(ee95e08e0ecb35b93873286fcb0a214d) Importer(815301076,1909f56bfc062723c751e8b465ee728b)
Start importing Assets/Resources/Popups/HighscorePopup.prefab using Guid(ee95e08e0ecb35b93873286fcb0a214d) Importer(815301076,1909f56bfc062723c751e8b465ee728b)  -> (artifact id: '213a4552b60e3d9331e02f3ddca6dd08') in 0.082581 seconds 
========================================================================
Received Import Request.
  Time since last request: 1.255975 seconds.
  path: Assets/Resources/Popups/HighscorePopup.prefab
  artifactKey: Guid(ee95e08e0ecb35b93873286fcb0a214d) Importer(815301076,1909f56bfc062723c751e8b465ee728b)
Start importing Assets/Resources/Popups/HighscorePopup.prefab using Guid(ee95e08e0ecb35b93873286fcb0a214d) Importer(815301076,1909f56bfc062723c751e8b465ee728b)  -> (artifact id: 'bff5bffb06c668779120b1b0eeb59c33') in 0.112474 seconds 
========================================================================
Received Import Request.
  Time since last request: 3.131234 seconds.
  path: Assets/Resources/Popups/HighscorePopup.prefab
  artifactKey: Guid(ee95e08e0ecb35b93873286fcb0a214d) Importer(815301076,1909f56bfc062723c751e8b465ee728b)
Start importing Assets/Resources/Popups/HighscorePopup.prefab using Guid(ee95e08e0ecb35b93873286fcb0a214d) Importer(815301076,1909f56bfc062723c751e8b465ee728b)  -> (artifact id: '4c5d5336f0df5fd48048a5c2b88743be') in 0.076558 seconds 
========================================================================
Received Import Request.
  Time since last request: 1.915697 seconds.
  path: Assets/Resources/Popups/HighscorePopup.prefab
  artifactKey: Guid(ee95e08e0ecb35b93873286fcb0a214d) Importer(815301076,1909f56bfc062723c751e8b465ee728b)
Start importing Assets/Resources/Popups/HighscorePopup.prefab using Guid(ee95e08e0ecb35b93873286fcb0a214d) Importer(815301076,1909f56bfc062723c751e8b465ee728b)  -> (artifact id: '772806e07bcd042e3c1196efd8056433') in 0.104477 seconds 
========================================================================
Received Import Request.
  Time since last request: 0.612683 seconds.
  path: Assets/Resources/Popups/HighscorePopup.prefab
  artifactKey: Guid(ee95e08e0ecb35b93873286fcb0a214d) Importer(815301076,1909f56bfc062723c751e8b465ee728b)
Start importing Assets/Resources/Popups/HighscorePopup.prefab using Guid(ee95e08e0ecb35b93873286fcb0a214d) Importer(815301076,1909f56bfc062723c751e8b465ee728b)  -> (artifact id: '5eddc7891e5b4474a54652e202877759') in 0.128011 seconds 
========================================================================
Received Import Request.
  Time since last request: 0.587857 seconds.
  path: Assets/Resources/Popups/HighscorePopup.prefab
  artifactKey: Guid(ee95e08e0ecb35b93873286fcb0a214d) Importer(815301076,1909f56bfc062723c751e8b465ee728b)
Start importing Assets/Resources/Popups/HighscorePopup.prefab using Guid(ee95e08e0ecb35b93873286fcb0a214d) Importer(815301076,1909f56bfc062723c751e8b465ee728b)  -> (artifact id: '9acea4efbb96a0243a205b0649c5662d') in 0.098510 seconds 
========================================================================
Received Import Request.
  Time since last request: 3.330481 seconds.
  path: Assets/Resources/Popups/HighscorePopup.prefab
  artifactKey: Guid(ee95e08e0ecb35b93873286fcb0a214d) Importer(815301076,1909f56bfc062723c751e8b465ee728b)
Start importing Assets/Resources/Popups/HighscorePopup.prefab using Guid(ee95e08e0ecb35b93873286fcb0a214d) Importer(815301076,1909f56bfc062723c751e8b465ee728b)  -> (artifact id: 'e7ed242b29ad40c0324760795be10a1f') in 0.093759 seconds 
========================================================================
Received Import Request.
  Time since last request: 0.688419 seconds.
  path: Assets/Resources/Popups/HighscorePopup.prefab
  artifactKey: Guid(ee95e08e0ecb35b93873286fcb0a214d) Importer(815301076,1909f56bfc062723c751e8b465ee728b)
Start importing Assets/Resources/Popups/HighscorePopup.prefab using Guid(ee95e08e0ecb35b93873286fcb0a214d) Importer(815301076,1909f56bfc062723c751e8b465ee728b)  -> (artifact id: '25d5e29afd4679008a4c49f83cb0be3a') in 0.091183 seconds 
========================================================================
Received Import Request.
  Time since last request: 20.329174 seconds.
  path: Assets/Resources/Popups/HighscorePopup.prefab
  artifactKey: Guid(ee95e08e0ecb35b93873286fcb0a214d) Importer(815301076,1909f56bfc062723c751e8b465ee728b)
Start importing Assets/Resources/Popups/HighscorePopup.prefab using Guid(ee95e08e0ecb35b93873286fcb0a214d) Importer(815301076,1909f56bfc062723c751e8b465ee728b)  -> (artifact id: '91f4fa0bd0580942b03eaae577c77e90') in 0.077012 seconds 
========================================================================
Received Import Request.
  Time since last request: 2.471660 seconds.
  path: Assets/Resources/Popups/HighscorePopup.prefab
  artifactKey: Guid(ee95e08e0ecb35b93873286fcb0a214d) Importer(815301076,1909f56bfc062723c751e8b465ee728b)
Start importing Assets/Resources/Popups/HighscorePopup.prefab using Guid(ee95e08e0ecb35b93873286fcb0a214d) Importer(815301076,1909f56bfc062723c751e8b465ee728b)  -> (artifact id: '6cc4374fc0077c2ceb422f0b9badbcb1') in 0.086685 seconds 
========================================================================
Received Import Request.
  Time since last request: 3.737235 seconds.
  path: Assets/Resources/Popups/HighscorePopup.prefab
  artifactKey: Guid(ee95e08e0ecb35b93873286fcb0a214d) Importer(815301076,1909f56bfc062723c751e8b465ee728b)
Start importing Assets/Resources/Popups/HighscorePopup.prefab using Guid(ee95e08e0ecb35b93873286fcb0a214d) Importer(815301076,1909f56bfc062723c751e8b465ee728b)  -> (artifact id: 'deee58aed3257d77d22ae8f22f79dc16') in 0.100029 seconds 
========================================================================
Received Import Request.
  Time since last request: 18.859313 seconds.
  path: Assets/Resources/Popups/HighscorePopup.prefab
  artifactKey: Guid(ee95e08e0ecb35b93873286fcb0a214d) Importer(815301076,1909f56bfc062723c751e8b465ee728b)
Start importing Assets/Resources/Popups/HighscorePopup.prefab using Guid(ee95e08e0ecb35b93873286fcb0a214d) Importer(815301076,1909f56bfc062723c751e8b465ee728b)  -> (artifact id: '1f6921c8029703d287b7a61f6347efb5') in 0.080686 seconds 
========================================================================
Received Import Request.
  Time since last request: 7.510291 seconds.
  path: Assets/Resources/Popups/HighscorePopup.prefab
  artifactKey: Guid(ee95e08e0ecb35b93873286fcb0a214d) Importer(815301076,1909f56bfc062723c751e8b465ee728b)
Start importing Assets/Resources/Popups/HighscorePopup.prefab using Guid(ee95e08e0ecb35b93873286fcb0a214d) Importer(815301076,1909f56bfc062723c751e8b465ee728b)  -> (artifact id: '16969356f6179158372bbb6c5812010c') in 0.112852 seconds 
========================================================================
Received Import Request.
  Time since last request: 7.736596 seconds.
  path: Assets/Resources/Popups/HighscorePopup.prefab
  artifactKey: Guid(ee95e08e0ecb35b93873286fcb0a214d) Importer(815301076,1909f56bfc062723c751e8b465ee728b)
Start importing Assets/Resources/Popups/HighscorePopup.prefab using Guid(ee95e08e0ecb35b93873286fcb0a214d) Importer(815301076,1909f56bfc062723c751e8b465ee728b)  -> (artifact id: '0331bfab1ffa11d3c4231d25f36fd4d3') in 0.081201 seconds 
========================================================================
Received Prepare
Registering precompiled user dll's ...
Registered in 0.039610 seconds.
Begin MonoManager ReloadAssembly
Symbol file LoadedFromMemory doesn't match image /home/ngocphat/Documents/Games/Endless/Library/PackageCache/com.unity.visualscripting@1.7.8/Editor/VisualScripting.Core/Dependencies/YamlDotNet/Unity.VisualScripting.YamlDotNet.dll
Symbol file LoadedFromMemory doesn't match image /home/ngocphat/Documents/Games/Endless/Library/PackageCache/com.unity.visualscripting@1.7.8/Editor/VisualScripting.Core/Dependencies/DotNetZip/Unity.VisualScripting.IonicZip.dll
Native extension for LinuxStandalone target not found
Native extension for iOS target not found
Native extension for WebGL target not found
Refreshing native plugins compatible for Editor in 5.31 ms, found 1 plugins.
Preloading 0 native plugins for Editor in 0.00 ms.
Mono: successfully reloaded assembly
- Completed reload, in  6.536 seconds
Domain Reload Profiling:
	ReloadAssembly (6541ms)
		BeginReloadAssembly (601ms)
			ExecutionOrderSort (0ms)
			DisableScriptedObjects (34ms)
			BackupInstance (0ms)
			ReleaseScriptingObjects (1ms)
			CreateAndSetChildDomain (203ms)
		EndReloadAssembly (5227ms)
			LoadAssemblies (445ms)
			RebuildTransferFunctionScriptingTraits (0ms)
			SetupTypeCache (1666ms)
			ReleaseScriptCaches (8ms)
			RebuildScriptCaches (372ms)
			SetupLoadedEditorAssemblies (2302ms)
				LogAssemblyErrors (0ms)
				InitializePlatformSupportModulesInManaged (151ms)
				SetLoadedEditorAssemblies (3ms)
				RefreshPlugins (6ms)
				BeforeProcessingInitializeOnLoad (518ms)
				ProcessInitializeOnLoadAttributes (1356ms)
				ProcessInitializeOnLoadMethodAttributes (226ms)
				AfterProcessingInitializeOnLoad (41ms)
				EditorAssembliesLoaded (1ms)
			ExecutionOrderSort2 (0ms)
			AwakeInstancesAfterBackupRestoration (40ms)
Platform modules already initialized, skipping
Refreshing native plugins compatible for Editor in 15.15 ms, found 1 plugins.
Preloading 0 native plugins for Editor in 0.00 ms.
Unloading 4172 Unused Serialized files (Serialized files now loaded: 0)
Unloading 30 unused Assets / (59.6 KB). Loaded Objects now: 4704.
Memory consumption went from 154.7 MB to 154.7 MB.
Total: 32.512088 ms (FindLiveObjects: 2.148250 ms CreateObjectMapping: 2.059325 ms MarkObjects: 22.060113 ms  DeleteObjects: 6.235425 ms)

AssetImportParameters requested are different than current active one (requested -> active):
  custom:video-decoder-ogg-theora: a1e56fd34408186e4bbccfd4996cb3dc -> 
  custom:container-muxer-webm: aa71ff27fc2769a1b78a27578f13a17b -> 
  custom:container-demuxer-webm: 4f35f7cbe854078d1ac9338744f61a02 -> 
  custom:video-encoder-webm-vp8: eb34c28f22e8b96e1ab97ce403110664 -> 
  custom:audio-encoder-webm-vorbis: bf7c407c2cedff20999df2af8eb42d56 -> 
  custom:container-demuxer-ogg: 62fdf1f143b41e24485cea50d1cbac27 -> 
  custom:video-decoder-webm-vp8: 9c59270c3fd7afecdb556c50c9e8de78 -> 
  custom:audio-decoder-ogg-vorbis: bf7c407c2cedff20999df2af8eb42d56 -> 
========================================================================
Received Import Request.
  Time since last request: 77.850450 seconds.
  path: Assets/Resources/Popups/UI-Start.prefab
  artifactKey: Guid(3f84c526dd96f8d72870281ffda076a3) Importer(815301076,1909f56bfc062723c751e8b465ee728b)
Start importing Assets/Resources/Popups/UI-Start.prefab using Guid(3f84c526dd96f8d72870281ffda076a3) Importer(815301076,1909f56bfc062723c751e8b465ee728b)  -> (artifact id: '5236feb5ec36aef8be02589185ee31e6') in 0.356067 seconds 
========================================================================
Received Prepare
Registering precompiled user dll's ...
Registered in 0.031791 seconds.
Begin MonoManager ReloadAssembly
Symbol file LoadedFromMemory doesn't match image /home/ngocphat/Documents/Games/Endless/Library/PackageCache/com.unity.visualscripting@1.7.8/Editor/VisualScripting.Core/Dependencies/YamlDotNet/Unity.VisualScripting.YamlDotNet.dll
Symbol file LoadedFromMemory doesn't match image /home/ngocphat/Documents/Games/Endless/Library/PackageCache/com.unity.visualscripting@1.7.8/Editor/VisualScripting.Core/Dependencies/DotNetZip/Unity.VisualScripting.IonicZip.dll
Native extension for LinuxStandalone target not found
Native extension for iOS target not found
Native extension for WebGL target not found
Refreshing native plugins compatible for Editor in 4.01 ms, found 1 plugins.
Preloading 0 native plugins for Editor in 0.00 ms.
Mono: successfully reloaded assembly
- Completed reload, in  4.982 seconds
Domain Reload Profiling:
	ReloadAssembly (4984ms)
		BeginReloadAssembly (489ms)
			ExecutionOrderSort (0ms)
			DisableScriptedObjects (29ms)
			BackupInstance (0ms)
			ReleaseScriptingObjects (1ms)
			CreateAndSetChildDomain (177ms)
		EndReloadAssembly (4009ms)
			LoadAssemblies (290ms)
			RebuildTransferFunctionScriptingTraits (0ms)
			SetupTypeCache (1272ms)
			ReleaseScriptCaches (7ms)
			RebuildScriptCaches (301ms)
			SetupLoadedEditorAssemblies (1810ms)
				LogAssemblyErrors (0ms)
				InitializePlatformSupportModulesInManaged (136ms)
				SetLoadedEditorAssemblies (4ms)
				RefreshPlugins (4ms)
				BeforeProcessingInitializeOnLoad (482ms)
				ProcessInitializeOnLoadAttributes (1010ms)
				ProcessInitializeOnLoadMethodAttributes (137ms)
				AfterProcessingInitializeOnLoad (36ms)
				EditorAssembliesLoaded (1ms)
			ExecutionOrderSort2 (0ms)
			AwakeInstancesAfterBackupRestoration (28ms)
Platform modules already initialized, skipping
Refreshing native plugins compatible for Editor in 10.88 ms, found 1 plugins.
Preloading 0 native plugins for Editor in 0.00 ms.
Unloading 4172 Unused Serialized files (Serialized files now loaded: 0)
Unloading 30 unused Assets / (59.6 KB). Loaded Objects now: 4707.
Memory consumption went from 154.7 MB to 154.7 MB.
Total: 22.276188 ms (FindLiveObjects: 1.518862 ms CreateObjectMapping: 1.303200 ms MarkObjects: 15.723587 ms  DeleteObjects: 3.724787 ms)

AssetImportParameters requested are different than current active one (requested -> active):
  custom:video-decoder-ogg-theora: a1e56fd34408186e4bbccfd4996cb3dc -> 
  custom:container-muxer-webm: aa71ff27fc2769a1b78a27578f13a17b -> 
  custom:container-demuxer-webm: 4f35f7cbe854078d1ac9338744f61a02 -> 
  custom:video-encoder-webm-vp8: eb34c28f22e8b96e1ab97ce403110664 -> 
  custom:audio-encoder-webm-vorbis: bf7c407c2cedff20999df2af8eb42d56 -> 
  custom:container-demuxer-ogg: 62fdf1f143b41e24485cea50d1cbac27 -> 
  custom:video-decoder-webm-vp8: 9c59270c3fd7afecdb556c50c9e8de78 -> 
  custom:audio-decoder-ogg-vorbis: bf7c407c2cedff20999df2af8eb42d56 -> 
========================================================================
Received Prepare
Registering precompiled user dll's ...
Registered in 0.032016 seconds.
Begin MonoManager ReloadAssembly
Symbol file LoadedFromMemory doesn't match image /home/ngocphat/Documents/Games/Endless/Library/PackageCache/com.unity.visualscripting@1.7.8/Editor/VisualScripting.Core/Dependencies/YamlDotNet/Unity.VisualScripting.YamlDotNet.dll
Symbol file LoadedFromMemory doesn't match image /home/ngocphat/Documents/Games/Endless/Library/PackageCache/com.unity.visualscripting@1.7.8/Editor/VisualScripting.Core/Dependencies/DotNetZip/Unity.VisualScripting.IonicZip.dll
Native extension for LinuxStandalone target not found
Native extension for iOS target not found
Native extension for WebGL target not found
Refreshing native plugins compatible for Editor in 5.76 ms, found 1 plugins.
Preloading 0 native plugins for Editor in 0.00 ms.
Mono: successfully reloaded assembly
- Completed reload, in  6.457 seconds
Domain Reload Profiling:
	ReloadAssembly (6462ms)
		BeginReloadAssembly (676ms)
			ExecutionOrderSort (0ms)
			DisableScriptedObjects (58ms)
			BackupInstance (0ms)
			ReleaseScriptingObjects (1ms)
			CreateAndSetChildDomain (246ms)
		EndReloadAssembly (5192ms)
			LoadAssemblies (404ms)
			RebuildTransferFunctionScriptingTraits (0ms)
			SetupTypeCache (1751ms)
			ReleaseScriptCaches (7ms)
			RebuildScriptCaches (336ms)
			SetupLoadedEditorAssemblies (2315ms)
				LogAssemblyErrors (0ms)
				InitializePlatformSupportModulesInManaged (136ms)
				SetLoadedEditorAssemblies (2ms)
				RefreshPlugins (6ms)
				BeforeProcessingInitializeOnLoad (483ms)
				ProcessInitializeOnLoadAttributes (1430ms)
				ProcessInitializeOnLoadMethodAttributes (212ms)
				AfterProcessingInitializeOnLoad (44ms)
				EditorAssembliesLoaded (2ms)
			ExecutionOrderSort2 (0ms)
			AwakeInstancesAfterBackupRestoration (40ms)
Platform modules already initialized, skipping
Refreshing native plugins compatible for Editor in 12.43 ms, found 1 plugins.
Preloading 0 native plugins for Editor in 0.00 ms.
Unloading 4172 Unused Serialized files (Serialized files now loaded: 0)
Unloading 28 unused Assets / (58.1 KB). Loaded Objects now: 4710.
Memory consumption went from 154.8 MB to 154.7 MB.
Total: 28.040550 ms (FindLiveObjects: 1.655937 ms CreateObjectMapping: 1.240975 ms MarkObjects: 19.722475 ms  DeleteObjects: 5.411400 ms)

AssetImportParameters requested are different than current active one (requested -> active):
  custom:video-decoder-ogg-theora: a1e56fd34408186e4bbccfd4996cb3dc -> 
  custom:container-muxer-webm: aa71ff27fc2769a1b78a27578f13a17b -> 
  custom:container-demuxer-webm: 4f35f7cbe854078d1ac9338744f61a02 -> 
  custom:video-encoder-webm-vp8: eb34c28f22e8b96e1ab97ce403110664 -> 
  custom:audio-encoder-webm-vorbis: bf7c407c2cedff20999df2af8eb42d56 -> 
  custom:container-demuxer-ogg: 62fdf1f143b41e24485cea50d1cbac27 -> 
  custom:video-decoder-webm-vp8: 9c59270c3fd7afecdb556c50c9e8de78 -> 
  custom:audio-decoder-ogg-vorbis: bf7c407c2cedff20999df2af8eb42d56 -> 
========================================================================
Received Prepare
Registering precompiled user dll's ...
Registered in 0.031719 seconds.
Begin MonoManager ReloadAssembly
Symbol file LoadedFromMemory doesn't match image /home/ngocphat/Documents/Games/Endless/Library/PackageCache/com.unity.visualscripting@1.7.8/Editor/VisualScripting.Core/Dependencies/YamlDotNet/Unity.VisualScripting.YamlDotNet.dll
Symbol file LoadedFromMemory doesn't match image /home/ngocphat/Documents/Games/Endless/Library/PackageCache/com.unity.visualscripting@1.7.8/Editor/VisualScripting.Core/Dependencies/DotNetZip/Unity.VisualScripting.IonicZip.dll
Native extension for LinuxStandalone target not found
Native extension for iOS target not found
Native extension for WebGL target not found
Refreshing native plugins compatible for Editor in 3.05 ms, found 1 plugins.
Preloading 0 native plugins for Editor in 0.00 ms.
Mono: successfully reloaded assembly
- Completed reload, in  4.796 seconds
Domain Reload Profiling:
	ReloadAssembly (4799ms)
		BeginReloadAssembly (491ms)
			ExecutionOrderSort (0ms)
			DisableScriptedObjects (30ms)
			BackupInstance (0ms)
			ReleaseScriptingObjects (1ms)
			CreateAndSetChildDomain (174ms)
		EndReloadAssembly (3774ms)
			LoadAssemblies (288ms)
			RebuildTransferFunctionScriptingTraits (0ms)
			SetupTypeCache (1247ms)
			ReleaseScriptCaches (5ms)
			RebuildScriptCaches (237ms)
			SetupLoadedEditorAssemblies (1715ms)
				LogAssemblyErrors (0ms)
				InitializePlatformSupportModulesInManaged (111ms)
				SetLoadedEditorAssemblies (2ms)
				RefreshPlugins (3ms)
				BeforeProcessingInitializeOnLoad (460ms)
				ProcessInitializeOnLoadAttributes (958ms)
				ProcessInitializeOnLoadMethodAttributes (143ms)
				AfterProcessingInitializeOnLoad (36ms)
				EditorAssembliesLoaded (1ms)
			ExecutionOrderSort2 (0ms)
			AwakeInstancesAfterBackupRestoration (29ms)
Platform modules already initialized, skipping
Refreshing native plugins compatible for Editor in 10.37 ms, found 1 plugins.
Preloading 0 native plugins for Editor in 0.00 ms.
Unloading 4172 Unused Serialized files (Serialized files now loaded: 0)
Unloading 28 unused Assets / (58.0 KB). Loaded Objects now: 4713.
Memory consumption went from 154.8 MB to 154.7 MB.
Total: 23.960288 ms (FindLiveObjects: 2.712725 ms CreateObjectMapping: 2.304550 ms MarkObjects: 15.353775 ms  DeleteObjects: 3.582250 ms)

AssetImportParameters requested are different than current active one (requested -> active):
  custom:video-decoder-ogg-theora: a1e56fd34408186e4bbccfd4996cb3dc -> 
  custom:container-muxer-webm: aa71ff27fc2769a1b78a27578f13a17b -> 
  custom:container-demuxer-webm: 4f35f7cbe854078d1ac9338744f61a02 -> 
  custom:video-encoder-webm-vp8: eb34c28f22e8b96e1ab97ce403110664 -> 
  custom:audio-encoder-webm-vorbis: bf7c407c2cedff20999df2af8eb42d56 -> 
  custom:container-demuxer-ogg: 62fdf1f143b41e24485cea50d1cbac27 -> 
  custom:video-decoder-webm-vp8: 9c59270c3fd7afecdb556c50c9e8de78 -> 
  custom:audio-decoder-ogg-vorbis: bf7c407c2cedff20999df2af8eb42d56 -> 
========================================================================
Received Prepare
Registering precompiled user dll's ...
Registered in 0.032215 seconds.
Begin MonoManager ReloadAssembly
Symbol file LoadedFromMemory doesn't match image /home/ngocphat/Documents/Games/Endless/Library/PackageCache/com.unity.visualscripting@1.7.8/Editor/VisualScripting.Core/Dependencies/YamlDotNet/Unity.VisualScripting.YamlDotNet.dll
Symbol file LoadedFromMemory doesn't match image /home/ngocphat/Documents/Games/Endless/Library/PackageCache/com.unity.visualscripting@1.7.8/Editor/VisualScripting.Core/Dependencies/DotNetZip/Unity.VisualScripting.IonicZip.dll
Native extension for LinuxStandalone target not found
Native extension for iOS target not found
Native extension for WebGL target not found
Refreshing native plugins compatible for Editor in 4.30 ms, found 1 plugins.
Preloading 0 native plugins for Editor in 0.00 ms.
Mono: successfully reloaded assembly
- Completed reload, in  5.909 seconds
Domain Reload Profiling:
	ReloadAssembly (5913ms)
		BeginReloadAssembly (679ms)
			ExecutionOrderSort (0ms)
			DisableScriptedObjects (48ms)
			BackupInstance (0ms)
			ReleaseScriptingObjects (1ms)
			CreateAndSetChildDomain (270ms)
		EndReloadAssembly (4581ms)
			LoadAssemblies (410ms)
			RebuildTransferFunctionScriptingTraits (0ms)
			SetupTypeCache (1503ms)
			ReleaseScriptCaches (6ms)
			RebuildScriptCaches (297ms)
			SetupLoadedEditorAssemblies (2053ms)
				LogAssemblyErrors (0ms)
				InitializePlatformSupportModulesInManaged (134ms)
				SetLoadedEditorAssemblies (3ms)
				RefreshPlugins (5ms)
				BeforeProcessingInitializeOnLoad (475ms)
				ProcessInitializeOnLoadAttributes (1215ms)
				ProcessInitializeOnLoadMethodAttributes (183ms)
				AfterProcessingInitializeOnLoad (38ms)
				EditorAssembliesLoaded (1ms)
			ExecutionOrderSort2 (0ms)
			AwakeInstancesAfterBackupRestoration (34ms)
Platform modules already initialized, skipping
Refreshing native plugins compatible for Editor in 15.60 ms, found 1 plugins.
Preloading 0 native plugins for Editor in 0.00 ms.
Unloading 4172 Unused Serialized files (Serialized files now loaded: 0)
Unloading 28 unused Assets / (58.2 KB). Loaded Objects now: 4716.
Memory consumption went from 154.8 MB to 154.7 MB.
Total: 25.809787 ms (FindLiveObjects: 2.173625 ms CreateObjectMapping: 0.887563 ms MarkObjects: 18.495400 ms  DeleteObjects: 4.244900 ms)

AssetImportParameters requested are different than current active one (requested -> active):
  custom:video-decoder-ogg-theora: a1e56fd34408186e4bbccfd4996cb3dc -> 
  custom:container-muxer-webm: aa71ff27fc2769a1b78a27578f13a17b -> 
  custom:container-demuxer-webm: 4f35f7cbe854078d1ac9338744f61a02 -> 
  custom:video-encoder-webm-vp8: eb34c28f22e8b96e1ab97ce403110664 -> 
  custom:audio-encoder-webm-vorbis: bf7c407c2cedff20999df2af8eb42d56 -> 
  custom:container-demuxer-ogg: 62fdf1f143b41e24485cea50d1cbac27 -> 
  custom:video-decoder-webm-vp8: 9c59270c3fd7afecdb556c50c9e8de78 -> 
  custom:audio-decoder-ogg-vorbis: bf7c407c2cedff20999df2af8eb42d56 -> 
